[2023/05/14 00:53:08.566] - Starting server with initial configuration: {"gasLimit":6721975,"gasPrice":20000000000,"hardfork":"muirGlacier","hostname":"127.0.0.1","port":7545,"network_id":5777,"default_balance_ether":10,"total_accounts":50,"unlocked_accounts":[],"locked":true,"vmErrorsOnRPCResponse":true,"verbose":true,"flavor":"ethereum","db_path":"C:\\Users\\LOVISH\\AppData\\Roaming\\Ganache\\ui\\workspaces\\learned-actor\\chaindata","logDirectory":"D:\\MAINS\\Mini Project\\med-chain\\truffle\\glogs"}
[2023/05/14 00:53:08.812] -    >  eth_getCode: [
   >   "0x4d1e6db6685731f0830a93910adb1951fea08b5d",
   >   "latest"
   > ]
[2023/05/14 00:53:08.813] -    >  eth_subscribe: [
   >   "newHeads"
   > ]
[2023/05/14 00:53:08.814] -    >  eth_getLogs: [
   >   {
   >     "fromBlock": null,
   >     "topics": []
   >   }
   > ]
[2023/05/14 00:53:08.816] -    >  eth_subscribe: [
   >   "logs",
   >   {
   >     "topics": []
   >   }
   > ]
[2023/05/14 00:53:08.980] -    >  eth_subscribe: [
   >   "newHeads"
   > ]
[2023/05/14 00:53:08.982] -    >  eth_getLogs: [
   >   {
   >     "fromBlock": null,
   >     "topics": []
   >   }
   > ]
[2023/05/14 00:53:08.982] -    >  eth_subscribe: [
   >   "logs",
   >   {
   >     "topics": []
   >   }
   > ]
[2023/05/14 00:53:09.555] -    >  eth_blockNumber: []
[2023/05/14 00:53:09.557] -    >  eth_accounts: []
[2023/05/14 00:53:09.557] -    >  eth_gasPrice: []
[2023/05/14 00:53:09.558] -    >  eth_getBlockByNumber: [
   >   "latest",
   >   false
   > ]
[2023/05/14 00:53:09.559] -    >  eth_subscribe: [
   >   "newHeads"
   > ]
[2023/05/14 00:53:09.564] -    >  eth_blockNumber: []
[2023/05/14 00:53:09.564] -    >  eth_accounts: []
[2023/05/14 00:53:09.565] -    >  eth_gasPrice: []
[2023/05/14 00:53:09.565] -    >  eth_getBlockByNumber: [
   >   "latest",
   >   false
   > ]
[2023/05/14 00:53:09.565] -    >  eth_subscribe: [
   >   "newHeads"
   > ]
[2023/05/14 00:53:09.650] -    >  eth_accounts: []
[2023/05/14 00:53:09.855] -    >  eth_getBalance: [
   >   "0x750278a1eeb0888fa35703b2f58cabc601638cc0",
   >   "latest"
   > ]
[2023/05/14 00:53:09.874] -    >  eth_getTransactionCount: [
   >   "0x750278a1eeb0888fa35703b2f58cabc601638cc0",
   >   "latest"
   > ]
[2023/05/14 00:53:09.900] -    >  eth_getBalance: [
   >   "0xca488288b669371acbbb6dbf363b29cb00fd1b97",
   >   "latest"
   > ]
[2023/05/14 00:53:09.920] -    >  eth_getTransactionCount: [
   >   "0xca488288b669371acbbb6dbf363b29cb00fd1b97",
   >   "latest"
   > ]
[2023/05/14 00:53:09.935] -    >  eth_getBalance: [
   >   "0xfab7ed14ea8a298f18a9d6ba55c523a061cf9f8b",
   >   "latest"
   > ]
[2023/05/14 00:53:09.955] -    >  eth_getTransactionCount: [
   >   "0xfab7ed14ea8a298f18a9d6ba55c523a061cf9f8b",
   >   "latest"
   > ]
[2023/05/14 00:53:09.978] -    >  eth_getBalance: [
   >   "0xdd5506256c48e21e347928996030c2173203f30d",
   >   "latest"
   > ]
[2023/05/14 00:53:10.000] -    >  eth_getTransactionCount: [
   >   "0xdd5506256c48e21e347928996030c2173203f30d",
   >   "latest"
   > ]
[2023/05/14 00:53:10.024] -    >  eth_getBalance: [
   >   "0x2f84bd34e0306ca17f62d965c3c9f53b5cc8b759",
   >   "latest"
   > ]
[2023/05/14 00:53:10.055] -    >  eth_getTransactionCount: [
   >   "0x2f84bd34e0306ca17f62d965c3c9f53b5cc8b759",
   >   "latest"
   > ]
[2023/05/14 00:53:10.079] -    >  eth_getBalance: [
   >   "0xf96074dfe4828e41ca1dc3c46f9f24ed3c86d6cc",
   >   "latest"
   > ]
[2023/05/14 00:53:10.096] -    >  eth_getTransactionCount: [
   >   "0xf96074dfe4828e41ca1dc3c46f9f24ed3c86d6cc",
   >   "latest"
   > ]
[2023/05/14 00:53:10.113] -    >  eth_getBalance: [
   >   "0x6979e432085fc762ca61b3c481a364e397e91c25",
   >   "latest"
   > ]
[2023/05/14 00:53:10.124] -    >  eth_getTransactionCount: [
   >   "0x6979e432085fc762ca61b3c481a364e397e91c25",
   >   "latest"
   > ]
[2023/05/14 00:53:10.143] -    >  eth_getBalance: [
   >   "0x459c4702469166199f5947df4cf3affc3dd7510c",
   >   "latest"
   > ]
[2023/05/14 00:53:10.157] -    >  eth_getTransactionCount: [
   >   "0x459c4702469166199f5947df4cf3affc3dd7510c",
   >   "latest"
   > ]
[2023/05/14 00:53:10.167] -    >  eth_getBalance: [
   >   "0xd7892e911b3d40cb4f64e525dbbb44b350711dc3",
   >   "latest"
   > ]
[2023/05/14 00:53:10.196] -    >  eth_getTransactionCount: [
   >   "0xd7892e911b3d40cb4f64e525dbbb44b350711dc3",
   >   "latest"
   > ]
[2023/05/14 00:53:10.222] -    >  eth_getBalance: [
   >   "0x931177898239cddfc5e43c012e2fe140f0328f56",
   >   "latest"
   > ]
[2023/05/14 00:53:10.238] -    >  eth_getTransactionCount: [
   >   "0x931177898239cddfc5e43c012e2fe140f0328f56",
   >   "latest"
   > ]
[2023/05/14 00:53:10.262] -    >  eth_getBalance: [
   >   "0xbf25e9179e08d8cd14de6a9b4ed899ae48611e78",
   >   "latest"
   > ]
[2023/05/14 00:53:10.281] -    >  eth_getTransactionCount: [
   >   "0xbf25e9179e08d8cd14de6a9b4ed899ae48611e78",
   >   "latest"
   > ]
[2023/05/14 00:53:10.292] -    >  eth_getBalance: [
   >   "0x9607291cd162e25841843aa24fd42b9cdcbeb2be",
   >   "latest"
   > ]
[2023/05/14 00:53:10.319] -    >  eth_getTransactionCount: [
   >   "0x9607291cd162e25841843aa24fd42b9cdcbeb2be",
   >   "latest"
   > ]
[2023/05/14 00:53:10.337] -    >  eth_getBalance: [
   >   "0x2e22ae042b960fdbb743cbe3ee8478b63f3200fd",
   >   "latest"
   > ]
[2023/05/14 00:53:10.356] -    >  eth_getTransactionCount: [
   >   "0x2e22ae042b960fdbb743cbe3ee8478b63f3200fd",
   >   "latest"
   > ]
[2023/05/14 00:53:10.376] -    >  eth_getBalance: [
   >   "0x8a9c72f52c17b9103e88631bbe1e5ad8e7308553",
   >   "latest"
   > ]
[2023/05/14 00:53:10.393] -    >  eth_getTransactionCount: [
   >   "0x8a9c72f52c17b9103e88631bbe1e5ad8e7308553",
   >   "latest"
   > ]
[2023/05/14 00:53:10.411] -    >  eth_getBalance: [
   >   "0xa2d7d639330a0645ae3f6b6c13c37a1a92e3c391",
   >   "latest"
   > ]
[2023/05/14 00:53:10.428] -    >  eth_getTransactionCount: [
   >   "0xa2d7d639330a0645ae3f6b6c13c37a1a92e3c391",
   >   "latest"
   > ]
[2023/05/14 00:53:10.440] -    >  eth_getBalance: [
   >   "0x985353c770a33bf46a2012deb597cb8147cdbfdc",
   >   "latest"
   > ]
[2023/05/14 00:53:10.452] -    >  eth_getTransactionCount: [
   >   "0x985353c770a33bf46a2012deb597cb8147cdbfdc",
   >   "latest"
   > ]
[2023/05/14 00:53:10.466] -    >  eth_getBalance: [
   >   "0xdd4c7365b7651484337144a0f0b8ec375e071731",
   >   "latest"
   > ]
[2023/05/14 00:53:10.478] -    >  eth_getTransactionCount: [
   >   "0xdd4c7365b7651484337144a0f0b8ec375e071731",
   >   "latest"
   > ]
[2023/05/14 00:53:10.488] -    >  eth_getBalance: [
   >   "0x5d054848c1df1a63f70cf4afedafac7dc92c0d48",
   >   "latest"
   > ]
[2023/05/14 00:53:10.501] -    >  eth_getTransactionCount: [
   >   "0x5d054848c1df1a63f70cf4afedafac7dc92c0d48",
   >   "latest"
   > ]
[2023/05/14 00:53:10.509] -    >  eth_getBalance: [
   >   "0xc9f4210390c35edd0ea562b86bb4e26a8722621e",
   >   "latest"
   > ]
[2023/05/14 00:53:10.521] -    >  eth_getTransactionCount: [
   >   "0xc9f4210390c35edd0ea562b86bb4e26a8722621e",
   >   "latest"
   > ]
[2023/05/14 00:53:10.539] -    >  eth_getBalance: [
   >   "0xaed68e7cd006738fd91225282ee847bbaf11b549",
   >   "latest"
   > ]
[2023/05/14 00:53:10.555] -    >  eth_getTransactionCount: [
   >   "0xaed68e7cd006738fd91225282ee847bbaf11b549",
   >   "latest"
   > ]
[2023/05/14 00:53:10.577] -    >  eth_getBalance: [
   >   "0x9d824078e2b59ea78bec4b083aceeaf262a534c5",
   >   "latest"
   > ]
[2023/05/14 00:53:10.595] -    >  eth_getTransactionCount: [
   >   "0x9d824078e2b59ea78bec4b083aceeaf262a534c5",
   >   "latest"
   > ]
[2023/05/14 00:53:10.607] -    >  eth_getBalance: [
   >   "0x191319e3da4c4c84ef23e3b3c4f5c0502ea7693d",
   >   "latest"
   > ]
[2023/05/14 00:53:10.620] -    >  eth_getTransactionCount: [
   >   "0x191319e3da4c4c84ef23e3b3c4f5c0502ea7693d",
   >   "latest"
   > ]
[2023/05/14 00:53:10.633] -    >  eth_getBalance: [
   >   "0xc72191d5f460984ee3dac292562c9ad7628d9a0f",
   >   "latest"
   > ]
[2023/05/14 00:53:10.643] -    >  eth_getTransactionCount: [
   >   "0xc72191d5f460984ee3dac292562c9ad7628d9a0f",
   >   "latest"
   > ]
[2023/05/14 00:53:10.657] -    >  eth_getBalance: [
   >   "0xfdff877d8085599a14a7f49853c5bd56ef904f9e",
   >   "latest"
   > ]
[2023/05/14 00:53:10.675] -    >  eth_getTransactionCount: [
   >   "0xfdff877d8085599a14a7f49853c5bd56ef904f9e",
   >   "latest"
   > ]
[2023/05/14 00:53:10.684] -    >  eth_getBalance: [
   >   "0x6d828780207ac28ddec961423a627a82d5d35ac5",
   >   "latest"
   > ]
[2023/05/14 00:53:10.722] -    >  eth_getTransactionCount: [
   >   "0x6d828780207ac28ddec961423a627a82d5d35ac5",
   >   "latest"
   > ]
[2023/05/14 00:53:10.753] -    >  eth_getBalance: [
   >   "0x79ab3d1ebe748da1375d5650d09329a5f2110719",
   >   "latest"
   > ]
[2023/05/14 00:53:10.766] -    >  eth_getTransactionCount: [
   >   "0x79ab3d1ebe748da1375d5650d09329a5f2110719",
   >   "latest"
   > ]
[2023/05/14 00:53:10.781] -    >  eth_getBalance: [
   >   "0x8ebb7d6a4c74a857fa8373d55f83300ee6545f4f",
   >   "latest"
   > ]
[2023/05/14 00:53:10.798] -    >  eth_getTransactionCount: [
   >   "0x8ebb7d6a4c74a857fa8373d55f83300ee6545f4f",
   >   "latest"
   > ]
[2023/05/14 00:53:10.809] -    >  eth_getBalance: [
   >   "0x6511871d3f67b5d2bb61e88a8f9b381817c0573e",
   >   "latest"
   > ]
[2023/05/14 00:53:10.827] -    >  eth_getTransactionCount: [
   >   "0x6511871d3f67b5d2bb61e88a8f9b381817c0573e",
   >   "latest"
   > ]
[2023/05/14 00:53:10.840] -    >  eth_getBalance: [
   >   "0x8f06397d40ac37739fe00e29c88b9e5090b97b03",
   >   "latest"
   > ]
[2023/05/14 00:53:10.850] -    >  eth_getTransactionCount: [
   >   "0x8f06397d40ac37739fe00e29c88b9e5090b97b03",
   >   "latest"
   > ]
[2023/05/14 00:53:10.869] -    >  eth_getBalance: [
   >   "0x6a4d084f5cb8fcb5df294fa19b4a1a0aea1f6b7a",
   >   "latest"
   > ]
[2023/05/14 00:53:10.885] -    >  eth_getTransactionCount: [
   >   "0x6a4d084f5cb8fcb5df294fa19b4a1a0aea1f6b7a",
   >   "latest"
   > ]
[2023/05/14 00:53:10.900] -    >  eth_getBalance: [
   >   "0x3166ee4cccca641227c79b9a908800bf327bacdd",
   >   "latest"
   > ]
[2023/05/14 00:53:10.913] -    >  eth_getTransactionCount: [
   >   "0x3166ee4cccca641227c79b9a908800bf327bacdd",
   >   "latest"
   > ]
[2023/05/14 00:53:10.924] -    >  eth_getBalance: [
   >   "0xa58d54cceb907b0efd41d0bf0b0c12331d450d51",
   >   "latest"
   > ]
[2023/05/14 00:53:10.935] -    >  eth_getTransactionCount: [
   >   "0xa58d54cceb907b0efd41d0bf0b0c12331d450d51",
   >   "latest"
   > ]
[2023/05/14 00:53:10.943] -    >  eth_getBalance: [
   >   "0xc3c63a0c347269b95c07d8c832fade216d307071",
   >   "latest"
   > ]
[2023/05/14 00:53:10.955] -    >  eth_getTransactionCount: [
   >   "0xc3c63a0c347269b95c07d8c832fade216d307071",
   >   "latest"
   > ]
[2023/05/14 00:53:10.971] -    >  eth_getBalance: [
   >   "0x5c49261375a341d226a706f7edbaa35093fd7f9c",
   >   "latest"
   > ]
[2023/05/14 00:53:10.986] -    >  eth_getTransactionCount: [
   >   "0x5c49261375a341d226a706f7edbaa35093fd7f9c",
   >   "latest"
   > ]
[2023/05/14 00:53:10.999] -    >  eth_getBalance: [
   >   "0xc456ef4987268d6092a6c23eae255756bf961c29",
   >   "latest"
   > ]
[2023/05/14 00:53:11.011] -    >  eth_getTransactionCount: [
   >   "0xc456ef4987268d6092a6c23eae255756bf961c29",
   >   "latest"
   > ]
[2023/05/14 00:53:11.024] -    >  eth_getBalance: [
   >   "0x35cd285533ab4363fd13d8d5b00018ede05028b5",
   >   "latest"
   > ]
[2023/05/14 00:53:11.039] -    >  eth_getTransactionCount: [
   >   "0x35cd285533ab4363fd13d8d5b00018ede05028b5",
   >   "latest"
   > ]
[2023/05/14 00:53:11.053] -    >  eth_getBalance: [
   >   "0x3b60c71b64a7fc9559f93dc6b66f9541d2c7511a",
   >   "latest"
   > ]
[2023/05/14 00:53:11.061] -    >  eth_getTransactionCount: [
   >   "0x3b60c71b64a7fc9559f93dc6b66f9541d2c7511a",
   >   "latest"
   > ]
[2023/05/14 00:53:11.070] -    >  eth_getBalance: [
   >   "0x422591dd7a7406c1eea666ccfd6c88aed3ea642b",
   >   "latest"
   > ]
[2023/05/14 00:53:11.086] -    >  eth_getTransactionCount: [
   >   "0x422591dd7a7406c1eea666ccfd6c88aed3ea642b",
   >   "latest"
   > ]
[2023/05/14 00:53:11.097] -    >  eth_getBalance: [
   >   "0x7cab32fe35b4bc51f1baaaad4c78f012e77e00f8",
   >   "latest"
   > ]
[2023/05/14 00:53:11.106] -    >  eth_getTransactionCount: [
   >   "0x7cab32fe35b4bc51f1baaaad4c78f012e77e00f8",
   >   "latest"
   > ]
[2023/05/14 00:53:11.131] -    >  eth_getBalance: [
   >   "0x14e453381a8673c0d4e658ef68aa382b9e113ebf",
   >   "latest"
   > ]
[2023/05/14 00:53:11.141] -    >  eth_getTransactionCount: [
   >   "0x14e453381a8673c0d4e658ef68aa382b9e113ebf",
   >   "latest"
   > ]
[2023/05/14 00:53:11.152] -    >  eth_getBalance: [
   >   "0x9303b25f5cc409d9676ddf3d734478204b14fc0a",
   >   "latest"
   > ]
[2023/05/14 00:53:11.187] -    >  eth_getTransactionCount: [
   >   "0x9303b25f5cc409d9676ddf3d734478204b14fc0a",
   >   "latest"
   > ]
[2023/05/14 00:53:11.214] -    >  eth_getBalance: [
   >   "0x18252605b6b71042ce6cfe5c8bd345815bc27e37",
   >   "latest"
   > ]
[2023/05/14 00:53:11.228] -    >  eth_getTransactionCount: [
   >   "0x18252605b6b71042ce6cfe5c8bd345815bc27e37",
   >   "latest"
   > ]
[2023/05/14 00:53:11.247] -    >  eth_getBalance: [
   >   "0x6c71e2d4eec02c34d02ef8ad15508337d1ce77f0",
   >   "latest"
   > ]
[2023/05/14 00:53:11.264] -    >  eth_getTransactionCount: [
   >   "0x6c71e2d4eec02c34d02ef8ad15508337d1ce77f0",
   >   "latest"
   > ]
[2023/05/14 00:53:11.276] -    >  eth_getBalance: [
   >   "0xb069b51e819205ea9bdd882dd87e64301a91b160",
   >   "latest"
   > ]
[2023/05/14 00:53:11.285] -    >  eth_getTransactionCount: [
   >   "0xb069b51e819205ea9bdd882dd87e64301a91b160",
   >   "latest"
   > ]
[2023/05/14 00:53:11.295] -    >  eth_getBalance: [
   >   "0xdf8be253461da7b3a33273076570f69464185fc4",
   >   "latest"
   > ]
[2023/05/14 00:53:11.316] -    >  eth_getTransactionCount: [
   >   "0xdf8be253461da7b3a33273076570f69464185fc4",
   >   "latest"
   > ]
[2023/05/14 00:53:11.335] -    >  eth_getBalance: [
   >   "0xb7681de8c5d7287863470b4a112d4afbc2c00366",
   >   "latest"
   > ]
[2023/05/14 00:53:11.359] -    >  eth_getTransactionCount: [
   >   "0xb7681de8c5d7287863470b4a112d4afbc2c00366",
   >   "latest"
   > ]
[2023/05/14 00:53:11.375] -    >  eth_getBalance: [
   >   "0x67b5f74dd7dfed9487f51bb5fda3dff7f35def69",
   >   "latest"
   > ]
[2023/05/14 00:53:11.392] -    >  eth_getTransactionCount: [
   >   "0x67b5f74dd7dfed9487f51bb5fda3dff7f35def69",
   >   "latest"
   > ]
[2023/05/14 00:53:11.404] -    >  eth_getBalance: [
   >   "0x7a0551ab472b43472c8d264b416292b2c87bcf98",
   >   "latest"
   > ]
[2023/05/14 00:53:11.417] -    >  eth_getTransactionCount: [
   >   "0x7a0551ab472b43472c8d264b416292b2c87bcf98",
   >   "latest"
   > ]
[2023/05/14 00:53:11.425] -    >  eth_getBalance: [
   >   "0xfa57d869fb69647dd9e208cc59d79c2604c274ff",
   >   "latest"
   > ]
[2023/05/14 00:53:11.436] -    >  eth_getTransactionCount: [
   >   "0xfa57d869fb69647dd9e208cc59d79c2604c274ff",
   >   "latest"
   > ]
[2023/05/14 00:53:11.456] -    >  eth_getBalance: [
   >   "0xdd51fed07498a2affdce68011e3f28df8c2cf4c9",
   >   "latest"
   > ]
[2023/05/14 00:53:11.470] -    >  eth_getTransactionCount: [
   >   "0xdd51fed07498a2affdce68011e3f28df8c2cf4c9",
   >   "latest"
   > ]
[2023/05/14 00:53:11.539] -    >  eth_getBalance: [
   >   "0x750278a1eeb0888fa35703b2f58cabc601638cc0",
   >   "latest"
   > ]
[2023/05/14 00:53:11.555] -    >  eth_getTransactionCount: [
   >   "0x750278a1eeb0888fa35703b2f58cabc601638cc0",
   >   "latest"
   > ]
[2023/05/14 00:53:11.572] -    >  eth_getBalance: [
   >   "0xca488288b669371acbbb6dbf363b29cb00fd1b97",
   >   "latest"
   > ]
[2023/05/14 00:53:11.588] -    >  eth_getTransactionCount: [
   >   "0xca488288b669371acbbb6dbf363b29cb00fd1b97",
   >   "latest"
   > ]
[2023/05/14 00:53:11.600] -    >  eth_getBalance: [
   >   "0xfab7ed14ea8a298f18a9d6ba55c523a061cf9f8b",
   >   "latest"
   > ]
[2023/05/14 00:53:11.611] -    >  eth_getTransactionCount: [
   >   "0xfab7ed14ea8a298f18a9d6ba55c523a061cf9f8b",
   >   "latest"
   > ]
[2023/05/14 00:53:11.622] -    >  eth_getBalance: [
   >   "0xdd5506256c48e21e347928996030c2173203f30d",
   >   "latest"
   > ]
[2023/05/14 00:53:11.630] -    >  eth_getTransactionCount: [
   >   "0xdd5506256c48e21e347928996030c2173203f30d",
   >   "latest"
   > ]
[2023/05/14 00:53:11.644] -    >  eth_getBalance: [
   >   "0x2f84bd34e0306ca17f62d965c3c9f53b5cc8b759",
   >   "latest"
   > ]
[2023/05/14 00:53:11.658] -    >  eth_getTransactionCount: [
   >   "0x2f84bd34e0306ca17f62d965c3c9f53b5cc8b759",
   >   "latest"
   > ]
[2023/05/14 00:53:11.672] -    >  eth_getBalance: [
   >   "0xf96074dfe4828e41ca1dc3c46f9f24ed3c86d6cc",
   >   "latest"
   > ]
[2023/05/14 00:53:11.683] -    >  eth_getTransactionCount: [
   >   "0xf96074dfe4828e41ca1dc3c46f9f24ed3c86d6cc",
   >   "latest"
   > ]
[2023/05/14 00:53:11.700] -    >  eth_getBalance: [
   >   "0x6979e432085fc762ca61b3c481a364e397e91c25",
   >   "latest"
   > ]
[2023/05/14 00:53:11.720] -    >  eth_getTransactionCount: [
   >   "0x6979e432085fc762ca61b3c481a364e397e91c25",
   >   "latest"
   > ]
[2023/05/14 00:53:11.747] -    >  eth_getBalance: [
   >   "0x459c4702469166199f5947df4cf3affc3dd7510c",
   >   "latest"
   > ]
[2023/05/14 00:53:11.759] -    >  eth_getTransactionCount: [
   >   "0x459c4702469166199f5947df4cf3affc3dd7510c",
   >   "latest"
   > ]
[2023/05/14 00:53:11.773] -    >  eth_getBalance: [
   >   "0xd7892e911b3d40cb4f64e525dbbb44b350711dc3",
   >   "latest"
   > ]
[2023/05/14 00:53:11.790] -    >  eth_getTransactionCount: [
   >   "0xd7892e911b3d40cb4f64e525dbbb44b350711dc3",
   >   "latest"
   > ]
[2023/05/14 00:53:11.803] -    >  eth_getBalance: [
   >   "0x931177898239cddfc5e43c012e2fe140f0328f56",
   >   "latest"
   > ]
[2023/05/14 00:53:11.817] -    >  eth_getTransactionCount: [
   >   "0x931177898239cddfc5e43c012e2fe140f0328f56",
   >   "latest"
   > ]
[2023/05/14 00:53:11.835] -    >  eth_getBalance: [
   >   "0xbf25e9179e08d8cd14de6a9b4ed899ae48611e78",
   >   "latest"
   > ]
[2023/05/14 00:53:11.851] -    >  eth_getTransactionCount: [
   >   "0xbf25e9179e08d8cd14de6a9b4ed899ae48611e78",
   >   "latest"
   > ]
[2023/05/14 00:53:11.869] -    >  eth_getBalance: [
   >   "0x9607291cd162e25841843aa24fd42b9cdcbeb2be",
   >   "latest"
   > ]
[2023/05/14 00:53:11.892] -    >  eth_getTransactionCount: [
   >   "0x9607291cd162e25841843aa24fd42b9cdcbeb2be",
   >   "latest"
   > ]
[2023/05/14 00:53:11.908] -    >  eth_getBalance: [
   >   "0x2e22ae042b960fdbb743cbe3ee8478b63f3200fd",
   >   "latest"
   > ]
[2023/05/14 00:53:11.928] -    >  eth_getTransactionCount: [
   >   "0x2e22ae042b960fdbb743cbe3ee8478b63f3200fd",
   >   "latest"
   > ]
[2023/05/14 00:53:11.942] -    >  eth_getBalance: [
   >   "0x8a9c72f52c17b9103e88631bbe1e5ad8e7308553",
   >   "latest"
   > ]
[2023/05/14 00:53:11.959] -    >  eth_getTransactionCount: [
   >   "0x8a9c72f52c17b9103e88631bbe1e5ad8e7308553",
   >   "latest"
   > ]
[2023/05/14 00:53:11.980] -    >  eth_getBalance: [
   >   "0xa2d7d639330a0645ae3f6b6c13c37a1a92e3c391",
   >   "latest"
   > ]
[2023/05/14 00:53:11.992] -    >  eth_getTransactionCount: [
   >   "0xa2d7d639330a0645ae3f6b6c13c37a1a92e3c391",
   >   "latest"
   > ]
[2023/05/14 00:53:12.009] -    >  eth_getBalance: [
   >   "0x985353c770a33bf46a2012deb597cb8147cdbfdc",
   >   "latest"
   > ]
[2023/05/14 00:53:12.032] -    >  eth_getTransactionCount: [
   >   "0x985353c770a33bf46a2012deb597cb8147cdbfdc",
   >   "latest"
   > ]
[2023/05/14 00:53:12.047] -    >  eth_getBalance: [
   >   "0xdd4c7365b7651484337144a0f0b8ec375e071731",
   >   "latest"
   > ]
[2023/05/14 00:53:12.066] -    >  eth_getTransactionCount: [
   >   "0xdd4c7365b7651484337144a0f0b8ec375e071731",
   >   "latest"
   > ]
[2023/05/14 00:53:12.080] -    >  eth_getBalance: [
   >   "0x5d054848c1df1a63f70cf4afedafac7dc92c0d48",
   >   "latest"
   > ]
[2023/05/14 00:53:12.103] -    >  eth_getTransactionCount: [
   >   "0x5d054848c1df1a63f70cf4afedafac7dc92c0d48",
   >   "latest"
   > ]
[2023/05/14 00:53:12.123] -    >  eth_getBalance: [
   >   "0xc9f4210390c35edd0ea562b86bb4e26a8722621e",
   >   "latest"
   > ]
[2023/05/14 00:53:12.139] -    >  eth_getTransactionCount: [
   >   "0xc9f4210390c35edd0ea562b86bb4e26a8722621e",
   >   "latest"
   > ]
[2023/05/14 00:53:12.148] -    >  eth_getBalance: [
   >   "0xaed68e7cd006738fd91225282ee847bbaf11b549",
   >   "latest"
   > ]
[2023/05/14 00:53:12.161] -    >  eth_getTransactionCount: [
   >   "0xaed68e7cd006738fd91225282ee847bbaf11b549",
   >   "latest"
   > ]
[2023/05/14 00:53:12.184] -    >  eth_getBalance: [
   >   "0x9d824078e2b59ea78bec4b083aceeaf262a534c5",
   >   "latest"
   > ]
[2023/05/14 00:53:12.205] -    >  eth_getTransactionCount: [
   >   "0x9d824078e2b59ea78bec4b083aceeaf262a534c5",
   >   "latest"
   > ]
[2023/05/14 00:53:12.224] -    >  eth_getBalance: [
   >   "0x191319e3da4c4c84ef23e3b3c4f5c0502ea7693d",
   >   "latest"
   > ]
[2023/05/14 00:53:12.243] -    >  eth_getTransactionCount: [
   >   "0x191319e3da4c4c84ef23e3b3c4f5c0502ea7693d",
   >   "latest"
   > ]
[2023/05/14 00:53:12.253] -    >  eth_getBalance: [
   >   "0xc72191d5f460984ee3dac292562c9ad7628d9a0f",
   >   "latest"
   > ]
[2023/05/14 00:53:12.264] -    >  eth_getTransactionCount: [
   >   "0xc72191d5f460984ee3dac292562c9ad7628d9a0f",
   >   "latest"
   > ]
[2023/05/14 00:53:12.273] -    >  eth_getBalance: [
   >   "0xfdff877d8085599a14a7f49853c5bd56ef904f9e",
   >   "latest"
   > ]
[2023/05/14 00:53:12.286] -    >  eth_getTransactionCount: [
   >   "0xfdff877d8085599a14a7f49853c5bd56ef904f9e",
   >   "latest"
   > ]
[2023/05/14 00:53:12.313] -    >  eth_getBalance: [
   >   "0x6d828780207ac28ddec961423a627a82d5d35ac5",
   >   "latest"
   > ]
[2023/05/14 00:53:12.347] -    >  eth_getTransactionCount: [
   >   "0x6d828780207ac28ddec961423a627a82d5d35ac5",
   >   "latest"
   > ]
[2023/05/14 00:53:12.362] -    >  eth_getBalance: [
   >   "0x79ab3d1ebe748da1375d5650d09329a5f2110719",
   >   "latest"
   > ]
[2023/05/14 00:53:12.374] -    >  eth_getTransactionCount: [
   >   "0x79ab3d1ebe748da1375d5650d09329a5f2110719",
   >   "latest"
   > ]
[2023/05/14 00:53:12.386] -    >  eth_getBalance: [
   >   "0x8ebb7d6a4c74a857fa8373d55f83300ee6545f4f",
   >   "latest"
   > ]
[2023/05/14 00:53:12.397] -    >  eth_getTransactionCount: [
   >   "0x8ebb7d6a4c74a857fa8373d55f83300ee6545f4f",
   >   "latest"
   > ]
[2023/05/14 00:53:12.409] -    >  eth_getBalance: [
   >   "0x6511871d3f67b5d2bb61e88a8f9b381817c0573e",
   >   "latest"
   > ]
[2023/05/14 00:53:12.425] -    >  eth_getTransactionCount: [
   >   "0x6511871d3f67b5d2bb61e88a8f9b381817c0573e",
   >   "latest"
   > ]
[2023/05/14 00:53:12.438] -    >  eth_getBalance: [
   >   "0x8f06397d40ac37739fe00e29c88b9e5090b97b03",
   >   "latest"
   > ]
[2023/05/14 00:53:12.458] -    >  eth_getTransactionCount: [
   >   "0x8f06397d40ac37739fe00e29c88b9e5090b97b03",
   >   "latest"
   > ]
[2023/05/14 00:53:12.480] -    >  eth_getBalance: [
   >   "0x6a4d084f5cb8fcb5df294fa19b4a1a0aea1f6b7a",
   >   "latest"
   > ]
[2023/05/14 00:53:12.494] -    >  eth_getTransactionCount: [
   >   "0x6a4d084f5cb8fcb5df294fa19b4a1a0aea1f6b7a",
   >   "latest"
   > ]
[2023/05/14 00:53:12.505] -    >  eth_getBalance: [
   >   "0x3166ee4cccca641227c79b9a908800bf327bacdd",
   >   "latest"
   > ]
[2023/05/14 00:53:12.517] -    >  eth_getTransactionCount: [
   >   "0x3166ee4cccca641227c79b9a908800bf327bacdd",
   >   "latest"
   > ]
[2023/05/14 00:53:12.534] -    >  eth_getBalance: [
   >   "0xa58d54cceb907b0efd41d0bf0b0c12331d450d51",
   >   "latest"
   > ]
[2023/05/14 00:53:12.552] -    >  eth_getTransactionCount: [
   >   "0xa58d54cceb907b0efd41d0bf0b0c12331d450d51",
   >   "latest"
   > ]
[2023/05/14 00:53:12.569] -    >  eth_getBalance: [
   >   "0xc3c63a0c347269b95c07d8c832fade216d307071",
   >   "latest"
   > ]
[2023/05/14 00:53:12.580] -    >  eth_getTransactionCount: [
   >   "0xc3c63a0c347269b95c07d8c832fade216d307071",
   >   "latest"
   > ]
[2023/05/14 00:53:12.599] -    >  eth_getBalance: [
   >   "0x5c49261375a341d226a706f7edbaa35093fd7f9c",
   >   "latest"
   > ]
[2023/05/14 00:53:12.612] -    >  eth_getTransactionCount: [
   >   "0x5c49261375a341d226a706f7edbaa35093fd7f9c",
   >   "latest"
   > ]
[2023/05/14 00:53:12.629] -    >  eth_getBalance: [
   >   "0xc456ef4987268d6092a6c23eae255756bf961c29",
   >   "latest"
   > ]
[2023/05/14 00:53:12.651] -    >  eth_getTransactionCount: [
   >   "0xc456ef4987268d6092a6c23eae255756bf961c29",
   >   "latest"
   > ]
[2023/05/14 00:53:12.668] -    >  eth_getBalance: [
   >   "0x35cd285533ab4363fd13d8d5b00018ede05028b5",
   >   "latest"
   > ]
[2023/05/14 00:53:12.686] -    >  eth_getTransactionCount: [
   >   "0x35cd285533ab4363fd13d8d5b00018ede05028b5",
   >   "latest"
   > ]
[2023/05/14 00:53:12.700] -    >  eth_getBalance: [
   >   "0x3b60c71b64a7fc9559f93dc6b66f9541d2c7511a",
   >   "latest"
   > ]
[2023/05/14 00:53:12.710] -    >  eth_getTransactionCount: [
   >   "0x3b60c71b64a7fc9559f93dc6b66f9541d2c7511a",
   >   "latest"
   > ]
[2023/05/14 00:53:12.723] -    >  eth_getBalance: [
   >   "0x422591dd7a7406c1eea666ccfd6c88aed3ea642b",
   >   "latest"
   > ]
[2023/05/14 00:53:12.744] -    >  eth_getTransactionCount: [
   >   "0x422591dd7a7406c1eea666ccfd6c88aed3ea642b",
   >   "latest"
   > ]
[2023/05/14 00:53:12.758] -    >  eth_getBalance: [
   >   "0x7cab32fe35b4bc51f1baaaad4c78f012e77e00f8",
   >   "latest"
   > ]
[2023/05/14 00:53:12.776] -    >  eth_getTransactionCount: [
   >   "0x7cab32fe35b4bc51f1baaaad4c78f012e77e00f8",
   >   "latest"
   > ]
[2023/05/14 00:53:12.797] -    >  eth_getBalance: [
   >   "0x14e453381a8673c0d4e658ef68aa382b9e113ebf",
   >   "latest"
   > ]
[2023/05/14 00:53:12.817] -    >  eth_getTransactionCount: [
   >   "0x14e453381a8673c0d4e658ef68aa382b9e113ebf",
   >   "latest"
   > ]
[2023/05/14 00:53:12.828] -    >  eth_getBalance: [
   >   "0x9303b25f5cc409d9676ddf3d734478204b14fc0a",
   >   "latest"
   > ]
[2023/05/14 00:53:12.859] -    >  eth_getTransactionCount: [
   >   "0x9303b25f5cc409d9676ddf3d734478204b14fc0a",
   >   "latest"
   > ]
[2023/05/14 00:53:12.874] -    >  eth_getBalance: [
   >   "0x18252605b6b71042ce6cfe5c8bd345815bc27e37",
   >   "latest"
   > ]
[2023/05/14 00:53:12.891] -    >  eth_getTransactionCount: [
   >   "0x18252605b6b71042ce6cfe5c8bd345815bc27e37",
   >   "latest"
   > ]
[2023/05/14 00:53:12.902] -    >  eth_getBalance: [
   >   "0x6c71e2d4eec02c34d02ef8ad15508337d1ce77f0",
   >   "latest"
   > ]
[2023/05/14 00:53:12.912] -    >  eth_getTransactionCount: [
   >   "0x6c71e2d4eec02c34d02ef8ad15508337d1ce77f0",
   >   "latest"
   > ]
[2023/05/14 00:53:12.922] -    >  eth_getBalance: [
   >   "0xb069b51e819205ea9bdd882dd87e64301a91b160",
   >   "latest"
   > ]
[2023/05/14 00:53:12.931] -    >  eth_getTransactionCount: [
   >   "0xb069b51e819205ea9bdd882dd87e64301a91b160",
   >   "latest"
   > ]
[2023/05/14 00:53:12.948] -    >  eth_getBalance: [
   >   "0xdf8be253461da7b3a33273076570f69464185fc4",
   >   "latest"
   > ]
[2023/05/14 00:53:12.968] -    >  eth_getTransactionCount: [
   >   "0xdf8be253461da7b3a33273076570f69464185fc4",
   >   "latest"
   > ]
[2023/05/14 00:53:12.982] -    >  eth_getBalance: [
   >   "0xb7681de8c5d7287863470b4a112d4afbc2c00366",
   >   "latest"
   > ]
[2023/05/14 00:53:12.992] -    >  eth_getTransactionCount: [
   >   "0xb7681de8c5d7287863470b4a112d4afbc2c00366",
   >   "latest"
   > ]
[2023/05/14 00:53:13.003] -    >  eth_getBalance: [
   >   "0x67b5f74dd7dfed9487f51bb5fda3dff7f35def69",
   >   "latest"
   > ]
[2023/05/14 00:53:13.011] -    >  eth_getTransactionCount: [
   >   "0x67b5f74dd7dfed9487f51bb5fda3dff7f35def69",
   >   "latest"
   > ]
[2023/05/14 00:53:13.021] -    >  eth_getBalance: [
   >   "0x7a0551ab472b43472c8d264b416292b2c87bcf98",
   >   "latest"
   > ]
[2023/05/14 00:53:13.034] -    >  eth_getTransactionCount: [
   >   "0x7a0551ab472b43472c8d264b416292b2c87bcf98",
   >   "latest"
   > ]
[2023/05/14 00:53:13.052] -    >  eth_getBalance: [
   >   "0xfa57d869fb69647dd9e208cc59d79c2604c274ff",
   >   "latest"
   > ]
[2023/05/14 00:53:13.070] -    >  eth_getTransactionCount: [
   >   "0xfa57d869fb69647dd9e208cc59d79c2604c274ff",
   >   "latest"
   > ]
[2023/05/14 00:53:13.083] -    >  eth_getBalance: [
   >   "0xdd51fed07498a2affdce68011e3f28df8c2cf4c9",
   >   "latest"
   > ]
[2023/05/14 00:53:13.091] -    >  eth_getTransactionCount: [
   >   "0xdd51fed07498a2affdce68011e3f28df8c2cf4c9",
   >   "latest"
   > ]
[2023/05/14 00:53:13.099] -    >  eth_getBalance: [
   >   "0x750278a1eeb0888fa35703b2f58cabc601638cc0",
   >   "latest"
   > ]
[2023/05/14 00:53:13.118] -    >  eth_getTransactionCount: [
   >   "0x750278a1eeb0888fa35703b2f58cabc601638cc0",
   >   "latest"
   > ]
[2023/05/14 00:53:13.138] -    >  eth_getBalance: [
   >   "0xca488288b669371acbbb6dbf363b29cb00fd1b97",
   >   "latest"
   > ]
[2023/05/14 00:53:13.148] -    >  eth_getTransactionCount: [
   >   "0xca488288b669371acbbb6dbf363b29cb00fd1b97",
   >   "latest"
   > ]
[2023/05/14 00:53:13.165] -    >  eth_getBalance: [
   >   "0xfab7ed14ea8a298f18a9d6ba55c523a061cf9f8b",
   >   "latest"
   > ]
[2023/05/14 00:53:13.177] -    >  eth_getTransactionCount: [
   >   "0xfab7ed14ea8a298f18a9d6ba55c523a061cf9f8b",
   >   "latest"
   > ]
[2023/05/14 00:53:13.185] -    >  eth_getBalance: [
   >   "0xdd5506256c48e21e347928996030c2173203f30d",
   >   "latest"
   > ]
[2023/05/14 00:53:13.202] -    >  eth_getTransactionCount: [
   >   "0xdd5506256c48e21e347928996030c2173203f30d",
   >   "latest"
   > ]
[2023/05/14 00:53:13.217] -    >  eth_getBalance: [
   >   "0x2f84bd34e0306ca17f62d965c3c9f53b5cc8b759",
   >   "latest"
   > ]
[2023/05/14 00:53:13.228] -    >  eth_getTransactionCount: [
   >   "0x2f84bd34e0306ca17f62d965c3c9f53b5cc8b759",
   >   "latest"
   > ]
[2023/05/14 00:53:13.245] -    >  eth_getBalance: [
   >   "0xf96074dfe4828e41ca1dc3c46f9f24ed3c86d6cc",
   >   "latest"
   > ]
[2023/05/14 00:53:13.259] -    >  eth_getTransactionCount: [
   >   "0xf96074dfe4828e41ca1dc3c46f9f24ed3c86d6cc",
   >   "latest"
   > ]
[2023/05/14 00:53:13.268] -    >  eth_getBalance: [
   >   "0x6979e432085fc762ca61b3c481a364e397e91c25",
   >   "latest"
   > ]
[2023/05/14 00:53:13.307] -    >  eth_getTransactionCount: [
   >   "0x6979e432085fc762ca61b3c481a364e397e91c25",
   >   "latest"
   > ]
[2023/05/14 00:53:13.328] -    >  eth_getBalance: [
   >   "0x459c4702469166199f5947df4cf3affc3dd7510c",
   >   "latest"
   > ]
[2023/05/14 00:53:13.341] -    >  eth_getTransactionCount: [
   >   "0x459c4702469166199f5947df4cf3affc3dd7510c",
   >   "latest"
   > ]
[2023/05/14 00:53:13.350] -    >  eth_getBalance: [
   >   "0xd7892e911b3d40cb4f64e525dbbb44b350711dc3",
   >   "latest"
   > ]
[2023/05/14 00:53:13.363] -    >  eth_getTransactionCount: [
   >   "0xd7892e911b3d40cb4f64e525dbbb44b350711dc3",
   >   "latest"
   > ]
[2023/05/14 00:53:13.378] -    >  eth_getBalance: [
   >   "0x931177898239cddfc5e43c012e2fe140f0328f56",
   >   "latest"
   > ]
[2023/05/14 00:53:13.396] -    >  eth_getTransactionCount: [
   >   "0x931177898239cddfc5e43c012e2fe140f0328f56",
   >   "latest"
   > ]
[2023/05/14 00:53:13.414] -    >  eth_getBalance: [
   >   "0xbf25e9179e08d8cd14de6a9b4ed899ae48611e78",
   >   "latest"
   > ]
[2023/05/14 00:53:13.442] -    >  eth_getTransactionCount: [
   >   "0xbf25e9179e08d8cd14de6a9b4ed899ae48611e78",
   >   "latest"
   > ]
[2023/05/14 00:53:13.470] -    >  eth_getBalance: [
   >   "0x9607291cd162e25841843aa24fd42b9cdcbeb2be",
   >   "latest"
   > ]
[2023/05/14 00:53:13.483] -    >  eth_getTransactionCount: [
   >   "0x9607291cd162e25841843aa24fd42b9cdcbeb2be",
   >   "latest"
   > ]
[2023/05/14 00:53:13.500] -    >  eth_getBalance: [
   >   "0x2e22ae042b960fdbb743cbe3ee8478b63f3200fd",
   >   "latest"
   > ]
[2023/05/14 00:53:13.511] -    >  eth_getTransactionCount: [
   >   "0x2e22ae042b960fdbb743cbe3ee8478b63f3200fd",
   >   "latest"
   > ]
[2023/05/14 00:53:13.520] -    >  eth_getBalance: [
   >   "0x8a9c72f52c17b9103e88631bbe1e5ad8e7308553",
   >   "latest"
   > ]
[2023/05/14 00:53:13.534] -    >  eth_getTransactionCount: [
   >   "0x8a9c72f52c17b9103e88631bbe1e5ad8e7308553",
   >   "latest"
   > ]
[2023/05/14 00:53:13.553] -    >  eth_getBalance: [
   >   "0xa2d7d639330a0645ae3f6b6c13c37a1a92e3c391",
   >   "latest"
   > ]
[2023/05/14 00:53:13.568] -    >  eth_getTransactionCount: [
   >   "0xa2d7d639330a0645ae3f6b6c13c37a1a92e3c391",
   >   "latest"
   > ]
[2023/05/14 00:53:13.579] -    >  eth_getBalance: [
   >   "0x985353c770a33bf46a2012deb597cb8147cdbfdc",
   >   "latest"
   > ]
[2023/05/14 00:53:13.587] -    >  eth_getTransactionCount: [
   >   "0x985353c770a33bf46a2012deb597cb8147cdbfdc",
   >   "latest"
   > ]
[2023/05/14 00:53:13.596] -    >  eth_getBalance: [
   >   "0xdd4c7365b7651484337144a0f0b8ec375e071731",
   >   "latest"
   > ]
[2023/05/14 00:53:13.606] -    >  eth_getTransactionCount: [
   >   "0xdd4c7365b7651484337144a0f0b8ec375e071731",
   >   "latest"
   > ]
[2023/05/14 00:53:13.614] -    >  eth_getBalance: [
   >   "0x5d054848c1df1a63f70cf4afedafac7dc92c0d48",
   >   "latest"
   > ]
[2023/05/14 00:53:13.625] -    >  eth_getTransactionCount: [
   >   "0x5d054848c1df1a63f70cf4afedafac7dc92c0d48",
   >   "latest"
   > ]
[2023/05/14 00:53:13.644] -    >  eth_getBalance: [
   >   "0xc9f4210390c35edd0ea562b86bb4e26a8722621e",
   >   "latest"
   > ]
[2023/05/14 00:53:13.663] -    >  eth_getTransactionCount: [
   >   "0xc9f4210390c35edd0ea562b86bb4e26a8722621e",
   >   "latest"
   > ]
[2023/05/14 00:53:13.678] -    >  eth_getBalance: [
   >   "0xaed68e7cd006738fd91225282ee847bbaf11b549",
   >   "latest"
   > ]
[2023/05/14 00:53:13.690] -    >  eth_getTransactionCount: [
   >   "0xaed68e7cd006738fd91225282ee847bbaf11b549",
   >   "latest"
   > ]
[2023/05/14 00:53:13.707] -    >  eth_getBalance: [
   >   "0x9d824078e2b59ea78bec4b083aceeaf262a534c5",
   >   "latest"
   > ]
[2023/05/14 00:53:13.724] -    >  eth_getTransactionCount: [
   >   "0x9d824078e2b59ea78bec4b083aceeaf262a534c5",
   >   "latest"
   > ]
[2023/05/14 00:53:13.743] -    >  eth_getBalance: [
   >   "0x191319e3da4c4c84ef23e3b3c4f5c0502ea7693d",
   >   "latest"
   > ]
[2023/05/14 00:53:13.757] -    >  eth_getTransactionCount: [
   >   "0x191319e3da4c4c84ef23e3b3c4f5c0502ea7693d",
   >   "latest"
   > ]
[2023/05/14 00:53:13.767] -    >  eth_getBalance: [
   >   "0xc72191d5f460984ee3dac292562c9ad7628d9a0f",
   >   "latest"
   > ]
[2023/05/14 00:53:13.787] -    >  eth_getTransactionCount: [
   >   "0xc72191d5f460984ee3dac292562c9ad7628d9a0f",
   >   "latest"
   > ]
[2023/05/14 00:53:13.798] -    >  eth_getBalance: [
   >   "0xfdff877d8085599a14a7f49853c5bd56ef904f9e",
   >   "latest"
   > ]
[2023/05/14 00:53:13.806] -    >  eth_getTransactionCount: [
   >   "0xfdff877d8085599a14a7f49853c5bd56ef904f9e",
   >   "latest"
   > ]
[2023/05/14 00:53:13.846] -    >  eth_getBalance: [
   >   "0x6d828780207ac28ddec961423a627a82d5d35ac5",
   >   "latest"
   > ]
[2023/05/14 00:53:13.870] -    >  eth_getTransactionCount: [
   >   "0x6d828780207ac28ddec961423a627a82d5d35ac5",
   >   "latest"
   > ]
[2023/05/14 00:53:13.881] -    >  eth_getBalance: [
   >   "0x79ab3d1ebe748da1375d5650d09329a5f2110719",
   >   "latest"
   > ]
[2023/05/14 00:53:13.898] -    >  eth_getTransactionCount: [
   >   "0x79ab3d1ebe748da1375d5650d09329a5f2110719",
   >   "latest"
   > ]
[2023/05/14 00:53:13.914] -    >  eth_getBalance: [
   >   "0x8ebb7d6a4c74a857fa8373d55f83300ee6545f4f",
   >   "latest"
   > ]
[2023/05/14 00:53:13.932] -    >  eth_getTransactionCount: [
   >   "0x8ebb7d6a4c74a857fa8373d55f83300ee6545f4f",
   >   "latest"
   > ]
[2023/05/14 00:53:13.953] -    >  eth_getBalance: [
   >   "0x6511871d3f67b5d2bb61e88a8f9b381817c0573e",
   >   "latest"
   > ]
[2023/05/14 00:53:13.971] -    >  eth_getTransactionCount: [
   >   "0x6511871d3f67b5d2bb61e88a8f9b381817c0573e",
   >   "latest"
   > ]
[2023/05/14 00:53:13.983] -    >  eth_getBalance: [
   >   "0x8f06397d40ac37739fe00e29c88b9e5090b97b03",
   >   "latest"
   > ]
[2023/05/14 00:53:13.996] -    >  eth_getTransactionCount: [
   >   "0x8f06397d40ac37739fe00e29c88b9e5090b97b03",
   >   "latest"
   > ]
[2023/05/14 00:53:14.017] -    >  eth_getBalance: [
   >   "0x6a4d084f5cb8fcb5df294fa19b4a1a0aea1f6b7a",
   >   "latest"
   > ]
[2023/05/14 00:53:14.037] -    >  eth_getTransactionCount: [
   >   "0x6a4d084f5cb8fcb5df294fa19b4a1a0aea1f6b7a",
   >   "latest"
   > ]
[2023/05/14 00:53:14.049] -    >  eth_getBalance: [
   >   "0x3166ee4cccca641227c79b9a908800bf327bacdd",
   >   "latest"
   > ]
[2023/05/14 00:53:14.061] -    >  eth_getTransactionCount: [
   >   "0x3166ee4cccca641227c79b9a908800bf327bacdd",
   >   "latest"
   > ]
[2023/05/14 00:53:14.072] -    >  eth_getBalance: [
   >   "0xa58d54cceb907b0efd41d0bf0b0c12331d450d51",
   >   "latest"
   > ]
[2023/05/14 00:53:14.091] -    >  eth_getTransactionCount: [
   >   "0xa58d54cceb907b0efd41d0bf0b0c12331d450d51",
   >   "latest"
   > ]
[2023/05/14 00:53:14.111] -    >  eth_getBalance: [
   >   "0xc3c63a0c347269b95c07d8c832fade216d307071",
   >   "latest"
   > ]
[2023/05/14 00:53:14.134] -    >  eth_getTransactionCount: [
   >   "0xc3c63a0c347269b95c07d8c832fade216d307071",
   >   "latest"
   > ]
[2023/05/14 00:53:14.153] -    >  eth_getBalance: [
   >   "0x5c49261375a341d226a706f7edbaa35093fd7f9c",
   >   "latest"
   > ]
[2023/05/14 00:53:14.163] -    >  eth_getTransactionCount: [
   >   "0x5c49261375a341d226a706f7edbaa35093fd7f9c",
   >   "latest"
   > ]
[2023/05/14 00:53:14.177] -    >  eth_getBalance: [
   >   "0xc456ef4987268d6092a6c23eae255756bf961c29",
   >   "latest"
   > ]
[2023/05/14 00:53:14.202] -    >  eth_getTransactionCount: [
   >   "0xc456ef4987268d6092a6c23eae255756bf961c29",
   >   "latest"
   > ]
[2023/05/14 00:53:14.218] -    >  eth_getBalance: [
   >   "0x35cd285533ab4363fd13d8d5b00018ede05028b5",
   >   "latest"
   > ]
[2023/05/14 00:53:14.239] -    >  eth_getTransactionCount: [
   >   "0x35cd285533ab4363fd13d8d5b00018ede05028b5",
   >   "latest"
   > ]
[2023/05/14 00:53:14.257] -    >  eth_getBalance: [
   >   "0x3b60c71b64a7fc9559f93dc6b66f9541d2c7511a",
   >   "latest"
   > ]
[2023/05/14 00:53:14.269] -    >  eth_getTransactionCount: [
   >   "0x3b60c71b64a7fc9559f93dc6b66f9541d2c7511a",
   >   "latest"
   > ]
[2023/05/14 00:53:14.288] -    >  eth_getBalance: [
   >   "0x422591dd7a7406c1eea666ccfd6c88aed3ea642b",
   >   "latest"
   > ]
[2023/05/14 00:53:14.303] -    >  eth_getTransactionCount: [
   >   "0x422591dd7a7406c1eea666ccfd6c88aed3ea642b",
   >   "latest"
   > ]
[2023/05/14 00:53:14.312] -    >  eth_getBalance: [
   >   "0x7cab32fe35b4bc51f1baaaad4c78f012e77e00f8",
   >   "latest"
   > ]
[2023/05/14 00:53:14.328] -    >  eth_getTransactionCount: [
   >   "0x7cab32fe35b4bc51f1baaaad4c78f012e77e00f8",
   >   "latest"
   > ]
[2023/05/14 00:53:14.342] -    >  eth_getBalance: [
   >   "0x14e453381a8673c0d4e658ef68aa382b9e113ebf",
   >   "latest"
   > ]
[2023/05/14 00:53:14.350] -    >  eth_getTransactionCount: [
   >   "0x14e453381a8673c0d4e658ef68aa382b9e113ebf",
   >   "latest"
   > ]
[2023/05/14 00:53:14.360] -    >  eth_getBalance: [
   >   "0x9303b25f5cc409d9676ddf3d734478204b14fc0a",
   >   "latest"
   > ]
[2023/05/14 00:53:14.374] -    >  eth_getTransactionCount: [
   >   "0x9303b25f5cc409d9676ddf3d734478204b14fc0a",
   >   "latest"
   > ]
[2023/05/14 00:53:14.386] -    >  eth_getBalance: [
   >   "0x18252605b6b71042ce6cfe5c8bd345815bc27e37",
   >   "latest"
   > ]
[2023/05/14 00:53:14.418] -    >  eth_getTransactionCount: [
   >   "0x18252605b6b71042ce6cfe5c8bd345815bc27e37",
   >   "latest"
   > ]
[2023/05/14 00:53:14.434] -    >  eth_getBalance: [
   >   "0x6c71e2d4eec02c34d02ef8ad15508337d1ce77f0",
   >   "latest"
   > ]
[2023/05/14 00:53:14.443] -    >  eth_getTransactionCount: [
   >   "0x6c71e2d4eec02c34d02ef8ad15508337d1ce77f0",
   >   "latest"
   > ]
[2023/05/14 00:53:14.461] -    >  eth_getBalance: [
   >   "0xb069b51e819205ea9bdd882dd87e64301a91b160",
   >   "latest"
   > ]
[2023/05/14 00:53:14.479] -    >  eth_getTransactionCount: [
   >   "0xb069b51e819205ea9bdd882dd87e64301a91b160",
   >   "latest"
   > ]
[2023/05/14 00:53:14.503] -    >  eth_getBalance: [
   >   "0xdf8be253461da7b3a33273076570f69464185fc4",
   >   "latest"
   > ]
[2023/05/14 00:53:14.516] -    >  eth_getTransactionCount: [
   >   "0xdf8be253461da7b3a33273076570f69464185fc4",
   >   "latest"
   > ]
[2023/05/14 00:53:14.537] -    >  eth_getBalance: [
   >   "0xb7681de8c5d7287863470b4a112d4afbc2c00366",
   >   "latest"
   > ]
[2023/05/14 00:53:14.561] -    >  eth_getTransactionCount: [
   >   "0xb7681de8c5d7287863470b4a112d4afbc2c00366",
   >   "latest"
   > ]
[2023/05/14 00:53:14.580] -    >  eth_getBalance: [
   >   "0x67b5f74dd7dfed9487f51bb5fda3dff7f35def69",
   >   "latest"
   > ]
[2023/05/14 00:53:14.600] -    >  eth_getTransactionCount: [
   >   "0x67b5f74dd7dfed9487f51bb5fda3dff7f35def69",
   >   "latest"
   > ]
[2023/05/14 00:53:14.621] -    >  eth_getBalance: [
   >   "0x7a0551ab472b43472c8d264b416292b2c87bcf98",
   >   "latest"
   > ]
[2023/05/14 00:53:14.638] -    >  eth_getTransactionCount: [
   >   "0x7a0551ab472b43472c8d264b416292b2c87bcf98",
   >   "latest"
   > ]
[2023/05/14 00:53:14.648] -    >  eth_getBalance: [
   >   "0xfa57d869fb69647dd9e208cc59d79c2604c274ff",
   >   "latest"
   > ]
[2023/05/14 00:53:14.660] -    >  eth_getTransactionCount: [
   >   "0xfa57d869fb69647dd9e208cc59d79c2604c274ff",
   >   "latest"
   > ]
[2023/05/14 00:53:14.668] -    >  eth_getBalance: [
   >   "0xdd51fed07498a2affdce68011e3f28df8c2cf4c9",
   >   "latest"
   > ]
[2023/05/14 00:53:14.684] -    >  eth_getTransactionCount: [
   >   "0xdd51fed07498a2affdce68011e3f28df8c2cf4c9",
   >   "latest"
   > ]
[2023/05/14 00:53:14.897] -    >  eth_unsubscribe: [
   >   "0x3"
   > ]
[2023/05/14 00:53:14.898] -    >  eth_unsubscribe: [
   >   "0x4"
   > ]
