[2023/05/12 21:05:11.596] - Starting server with initial configuration: {"gasLimit":6721975,"gasPrice":20000000000,"hardfork":"muirGlacier","hostname":"127.0.0.1","port":7545,"network_id":5777,"default_balance_ether":10,"total_accounts":50,"unlocked_accounts":[],"locked":true,"vmErrorsOnRPCResponse":true,"verbose":true,"flavor":"ethereum","db_path":"C:\\Users\\LOVISH\\AppData\\Roaming\\Ganache\\ui\\workspaces\\learned-actor\\chaindata","logDirectory":"D:\\MAINS\\Mini Project\\med-chain\\truffle\\glogs"}
[2023/05/12 21:05:11.794] -    >  eth_getCode: [
   >   "0x6b4aa7dd20f37ce4d75e67c8f925a703f038c033",
   >   "latest"
   > ]
[2023/05/12 21:05:11.795] -    >  eth_subscribe: [
   >   "newHeads"
   > ]
[2023/05/12 21:05:11.797] -    >  eth_getLogs: [
   >   {
   >     "fromBlock": null,
   >     "topics": []
   >   }
   > ]
[2023/05/12 21:05:11.798] -    >  eth_subscribe: [
   >   "logs",
   >   {
   >     "topics": []
   >   }
   > ]
[2023/05/12 21:05:11.883] -    >  eth_getCode: [
   >   "0x6b4aa7dd20f37ce4d75e67c8f925a703f038c033",
   >   "latest"
   > ]
[2023/05/12 21:05:11.883] -    >  eth_subscribe: [
   >   "newHeads"
   > ]
[2023/05/12 21:05:11.884] -    >  eth_getLogs: [
   >   {
   >     "fromBlock": null,
   >     "topics": []
   >   }
   > ]
[2023/05/12 21:05:11.884] -    >  eth_subscribe: [
   >   "logs",
   >   {
   >     "topics": []
   >   }
   > ]
[2023/05/12 21:05:11.960] -    >  eth_blockNumber: []
[2023/05/12 21:05:11.961] -    >  eth_accounts: []
[2023/05/12 21:05:11.961] -    >  eth_gasPrice: []
[2023/05/12 21:05:11.962] -    >  eth_getBlockByNumber: [
   >   "latest",
   >   false
   > ]
[2023/05/12 21:05:11.962] -    >  eth_subscribe: [
   >   "newHeads"
   > ]
[2023/05/12 21:05:11.964] -    >  eth_blockNumber: []
[2023/05/12 21:05:11.964] -    >  eth_accounts: []
[2023/05/12 21:05:11.964] -    >  eth_gasPrice: []
[2023/05/12 21:05:11.965] -    >  eth_getBlockByNumber: [
   >   "latest",
   >   false
   > ]
[2023/05/12 21:05:11.965] -    >  eth_subscribe: [
   >   "newHeads"
   > ]
[2023/05/12 21:05:12.030] -    >  eth_getBalance: [
   >   "0xde8273ee13fc9b5af3f99180cb2982489d1f005e",
   >   "latest"
   > ]
[2023/05/12 21:05:12.038] -    >  eth_getTransactionCount: [
   >   "0xde8273ee13fc9b5af3f99180cb2982489d1f005e",
   >   "latest"
   > ]
[2023/05/12 21:05:12.049] -    >  eth_getBalance: [
   >   "0xaae81d94bc4c8b62d474e0364cca86ffeb05b204",
   >   "latest"
   > ]
[2023/05/12 21:05:12.056] -    >  eth_getTransactionCount: [
   >   "0xaae81d94bc4c8b62d474e0364cca86ffeb05b204",
   >   "latest"
   > ]
[2023/05/12 21:05:12.061] -    >  eth_getBalance: [
   >   "0xa7d624811c8cf4454462aaf9f7ee0864e8e59c33",
   >   "latest"
   > ]
[2023/05/12 21:05:12.070] -    >  eth_getTransactionCount: [
   >   "0xa7d624811c8cf4454462aaf9f7ee0864e8e59c33",
   >   "latest"
   > ]
[2023/05/12 21:05:12.078] -    >  eth_getBalance: [
   >   "0x6e18b1d8f2c996d8caec84a95b0ebe7ae83300c9",
   >   "latest"
   > ]
[2023/05/12 21:05:12.085] -    >  eth_getTransactionCount: [
   >   "0x6e18b1d8f2c996d8caec84a95b0ebe7ae83300c9",
   >   "latest"
   > ]
[2023/05/12 21:05:12.090] -    >  eth_getBalance: [
   >   "0x8bc88d0041f929240bda6d779ac4f4960c7f4123",
   >   "latest"
   > ]
[2023/05/12 21:05:12.098] -    >  eth_getTransactionCount: [
   >   "0x8bc88d0041f929240bda6d779ac4f4960c7f4123",
   >   "latest"
   > ]
[2023/05/12 21:05:12.106] -    >  eth_getBalance: [
   >   "0x8abbaa110987abfaf913ac140a9ef7d76f3291be",
   >   "latest"
   > ]
[2023/05/12 21:05:12.111] -    >  eth_getTransactionCount: [
   >   "0x8abbaa110987abfaf913ac140a9ef7d76f3291be",
   >   "latest"
   > ]
[2023/05/12 21:05:12.118] -    >  eth_getBalance: [
   >   "0x6717b0d2469aad00ba8e2ee9c05e6d479a61eed0",
   >   "latest"
   > ]
[2023/05/12 21:05:12.123] -    >  eth_getTransactionCount: [
   >   "0x6717b0d2469aad00ba8e2ee9c05e6d479a61eed0",
   >   "latest"
   > ]
[2023/05/12 21:05:12.129] -    >  eth_getBalance: [
   >   "0xf08a84ce4f534e7c2d177590ccc28993eb92c679",
   >   "latest"
   > ]
[2023/05/12 21:05:12.137] -    >  eth_getTransactionCount: [
   >   "0xf08a84ce4f534e7c2d177590ccc28993eb92c679",
   >   "latest"
   > ]
[2023/05/12 21:05:12.142] -    >  eth_getBalance: [
   >   "0x886d222777a9481993732f78a55ccec3dac0f6b5",
   >   "latest"
   > ]
[2023/05/12 21:05:12.148] -    >  eth_getTransactionCount: [
   >   "0x886d222777a9481993732f78a55ccec3dac0f6b5",
   >   "latest"
   > ]
[2023/05/12 21:05:12.154] -    >  eth_getBalance: [
   >   "0x66a5dc033f0f7d6241c31e9b6bbe23f9672d03f6",
   >   "latest"
   > ]
[2023/05/12 21:05:12.159] -    >  eth_getTransactionCount: [
   >   "0x66a5dc033f0f7d6241c31e9b6bbe23f9672d03f6",
   >   "latest"
   > ]
[2023/05/12 21:05:12.167] -    >  eth_getBalance: [
   >   "0xc375fc4bed4de535f3aa5d8e695905271ecd1f94",
   >   "latest"
   > ]
[2023/05/12 21:05:12.173] -    >  eth_getTransactionCount: [
   >   "0xc375fc4bed4de535f3aa5d8e695905271ecd1f94",
   >   "latest"
   > ]
[2023/05/12 21:05:12.178] -    >  eth_getBalance: [
   >   "0x6b64b4aa893eda22eff291a62c6922e7a17a91fa",
   >   "latest"
   > ]
[2023/05/12 21:05:12.184] -    >  eth_getTransactionCount: [
   >   "0x6b64b4aa893eda22eff291a62c6922e7a17a91fa",
   >   "latest"
   > ]
[2023/05/12 21:05:12.189] -    >  eth_getBalance: [
   >   "0xc9a8a39781bb2f0ceb1df23c807eca86f25d48d7",
   >   "latest"
   > ]
[2023/05/12 21:05:12.193] -    >  eth_getTransactionCount: [
   >   "0xc9a8a39781bb2f0ceb1df23c807eca86f25d48d7",
   >   "latest"
   > ]
[2023/05/12 21:05:12.201] -    >  eth_getBalance: [
   >   "0xf39ce64192f8c3233cac770a0af74085abf47c29",
   >   "latest"
   > ]
[2023/05/12 21:05:12.206] -    >  eth_getTransactionCount: [
   >   "0xf39ce64192f8c3233cac770a0af74085abf47c29",
   >   "latest"
   > ]
[2023/05/12 21:05:12.211] -    >  eth_getBalance: [
   >   "0x510eaa3b850491b23906f0baedeefa517005fc72",
   >   "latest"
   > ]
[2023/05/12 21:05:12.219] -    >  eth_getTransactionCount: [
   >   "0x510eaa3b850491b23906f0baedeefa517005fc72",
   >   "latest"
   > ]
[2023/05/12 21:05:12.227] -    >  eth_getBalance: [
   >   "0x112692c99a7d3346689e0b0b34453fc7576482bc",
   >   "latest"
   > ]
[2023/05/12 21:05:12.235] -    >  eth_getTransactionCount: [
   >   "0x112692c99a7d3346689e0b0b34453fc7576482bc",
   >   "latest"
   > ]
[2023/05/12 21:05:12.240] -    >  eth_getBalance: [
   >   "0x05ed1e2c4152ae0af046dfc473b91bbe21b65d77",
   >   "latest"
   > ]
[2023/05/12 21:05:12.245] -    >  eth_getTransactionCount: [
   >   "0x05ed1e2c4152ae0af046dfc473b91bbe21b65d77",
   >   "latest"
   > ]
[2023/05/12 21:05:12.251] -    >  eth_getBalance: [
   >   "0x8c9b935958017192a97b964fcd17473206680635",
   >   "latest"
   > ]
[2023/05/12 21:05:12.257] -    >  eth_getTransactionCount: [
   >   "0x8c9b935958017192a97b964fcd17473206680635",
   >   "latest"
   > ]
[2023/05/12 21:05:12.268] -    >  eth_getBalance: [
   >   "0xf8ef3cf94944b5433a8c0b843e71e6f1883ef504",
   >   "latest"
   > ]
[2023/05/12 21:05:12.274] -    >  eth_getTransactionCount: [
   >   "0xf8ef3cf94944b5433a8c0b843e71e6f1883ef504",
   >   "latest"
   > ]
[2023/05/12 21:05:12.281] -    >  eth_getBalance: [
   >   "0x9cef7217434d977421f07560572b0a4c4c41cf12",
   >   "latest"
   > ]
[2023/05/12 21:05:12.287] -    >  eth_getTransactionCount: [
   >   "0x9cef7217434d977421f07560572b0a4c4c41cf12",
   >   "latest"
   > ]
[2023/05/12 21:05:12.293] -    >  eth_getBalance: [
   >   "0x79d251d695d0fbd24c453f01257ebd980bb917d4",
   >   "latest"
   > ]
[2023/05/12 21:05:12.301] -    >  eth_getTransactionCount: [
   >   "0x79d251d695d0fbd24c453f01257ebd980bb917d4",
   >   "latest"
   > ]
[2023/05/12 21:05:12.306] -    >  eth_getBalance: [
   >   "0x6ebdeae1692044f91d0d7309d953d03cdeb9742a",
   >   "latest"
   > ]
[2023/05/12 21:05:12.312] -    >  eth_getTransactionCount: [
   >   "0x6ebdeae1692044f91d0d7309d953d03cdeb9742a",
   >   "latest"
   > ]
[2023/05/12 21:05:12.320] -    >  eth_getBalance: [
   >   "0xdd8d8f72cae3cb9d2bb9103143553cc9473dfffc",
   >   "latest"
   > ]
[2023/05/12 21:05:12.329] -    >  eth_getTransactionCount: [
   >   "0xdd8d8f72cae3cb9d2bb9103143553cc9473dfffc",
   >   "latest"
   > ]
[2023/05/12 21:05:12.335] -    >  eth_getBalance: [
   >   "0x84a1155b00c05e6356598ce89e3015939c0f21e8",
   >   "latest"
   > ]
[2023/05/12 21:05:12.342] -    >  eth_getTransactionCount: [
   >   "0x84a1155b00c05e6356598ce89e3015939c0f21e8",
   >   "latest"
   > ]
[2023/05/12 21:05:12.347] -    >  eth_getBalance: [
   >   "0x7f37452478ec33e15d84231e3f4dcfb92744ee9e",
   >   "latest"
   > ]
[2023/05/12 21:05:12.352] -    >  eth_getTransactionCount: [
   >   "0x7f37452478ec33e15d84231e3f4dcfb92744ee9e",
   >   "latest"
   > ]
[2023/05/12 21:05:12.359] -    >  eth_getBalance: [
   >   "0xdb450ac3e1e58fdfbf7bc711087b53f9459a2b28",
   >   "latest"
   > ]
[2023/05/12 21:05:12.364] -    >  eth_getTransactionCount: [
   >   "0xdb450ac3e1e58fdfbf7bc711087b53f9459a2b28",
   >   "latest"
   > ]
[2023/05/12 21:05:12.374] -    >  eth_getBalance: [
   >   "0x539278c22788c79309038591c32563d8dd34ccec",
   >   "latest"
   > ]
[2023/05/12 21:05:12.379] -    >  eth_getTransactionCount: [
   >   "0x539278c22788c79309038591c32563d8dd34ccec",
   >   "latest"
   > ]
[2023/05/12 21:05:12.385] -    >  eth_getBalance: [
   >   "0x62180441986237c106d57b96c7a5d38349aea243",
   >   "latest"
   > ]
[2023/05/12 21:05:12.393] -    >  eth_getTransactionCount: [
   >   "0x62180441986237c106d57b96c7a5d38349aea243",
   >   "latest"
   > ]
[2023/05/12 21:05:12.398] -    >  eth_getBalance: [
   >   "0x0c440bc74e8a32ad91917219558cd9225fffb386",
   >   "latest"
   > ]
[2023/05/12 21:05:12.406] -    >  eth_getTransactionCount: [
   >   "0x0c440bc74e8a32ad91917219558cd9225fffb386",
   >   "latest"
   > ]
[2023/05/12 21:05:12.410] -    >  eth_getBalance: [
   >   "0x0ddda6159f181dda50e42102ebaa54868d9c9fc2",
   >   "latest"
   > ]
[2023/05/12 21:05:12.414] -    >  eth_getTransactionCount: [
   >   "0x0ddda6159f181dda50e42102ebaa54868d9c9fc2",
   >   "latest"
   > ]
[2023/05/12 21:05:12.421] -    >  eth_getBalance: [
   >   "0xb92cac2bf5fc5189907333c4280807e374e4dd6a",
   >   "latest"
   > ]
[2023/05/12 21:05:12.426] -    >  eth_getTransactionCount: [
   >   "0xb92cac2bf5fc5189907333c4280807e374e4dd6a",
   >   "latest"
   > ]
[2023/05/12 21:05:12.432] -    >  eth_getBalance: [
   >   "0x3b4483ef6c4397c7efdaeb98bfbb430084cbc9b8",
   >   "latest"
   > ]
[2023/05/12 21:05:12.437] -    >  eth_getTransactionCount: [
   >   "0x3b4483ef6c4397c7efdaeb98bfbb430084cbc9b8",
   >   "latest"
   > ]
[2023/05/12 21:05:12.442] -    >  eth_getBalance: [
   >   "0x23e50faeb889c351f9264665f8813a6ebb401aae",
   >   "latest"
   > ]
[2023/05/12 21:05:12.448] -    >  eth_getTransactionCount: [
   >   "0x23e50faeb889c351f9264665f8813a6ebb401aae",
   >   "latest"
   > ]
[2023/05/12 21:05:12.452] -    >  eth_getBalance: [
   >   "0x05e3b439586eb13c23fced9a74bcce869edafcf2",
   >   "latest"
   > ]
[2023/05/12 21:05:12.458] -    >  eth_getTransactionCount: [
   >   "0x05e3b439586eb13c23fced9a74bcce869edafcf2",
   >   "latest"
   > ]
[2023/05/12 21:05:12.464] -    >  eth_getBalance: [
   >   "0x4e518f9ea15511524389fd5b2227abe6ba162dba",
   >   "latest"
   > ]
[2023/05/12 21:05:12.469] -    >  eth_getTransactionCount: [
   >   "0x4e518f9ea15511524389fd5b2227abe6ba162dba",
   >   "latest"
   > ]
[2023/05/12 21:05:12.476] -    >  eth_getBalance: [
   >   "0x54191a5168d0f4e3ffb1c869ce4d5d052c29796c",
   >   "latest"
   > ]
[2023/05/12 21:05:12.479] -    >  eth_blockNumber: []
[2023/05/12 21:05:12.482] -    >  eth_getTransactionCount: [
   >   "0x54191a5168d0f4e3ffb1c869ce4d5d052c29796c",
   >   "latest"
   > ]
[2023/05/12 21:05:12.488] -    >  eth_getBalance: [
   >   "0x2722f84e7488fc8d2f8d65d4dfa7400f7e0d6d25",
   >   "latest"
   > ]
[2023/05/12 21:05:12.496] -    >  eth_getTransactionCount: [
   >   "0x2722f84e7488fc8d2f8d65d4dfa7400f7e0d6d25",
   >   "latest"
   > ]
[2023/05/12 21:05:12.501] -    >  eth_getBalance: [
   >   "0x6d5615f3fe360105c3f6646ce446b332621c4a3b",
   >   "latest"
   > ]
[2023/05/12 21:05:12.506] -    >  eth_getTransactionCount: [
   >   "0x6d5615f3fe360105c3f6646ce446b332621c4a3b",
   >   "latest"
   > ]
[2023/05/12 21:05:12.511] -    >  eth_getBalance: [
   >   "0xfe6663e7361c752268bd53e91c5bc783bf0ac760",
   >   "latest"
   > ]
[2023/05/12 21:05:12.516] -    >  eth_getBlockByNumber: [
   >   "0x18",
   >   false
   > ]
[2023/05/12 21:05:12.517] -    >  eth_getTransactionCount: [
   >   "0xfe6663e7361c752268bd53e91c5bc783bf0ac760",
   >   "latest"
   > ]
[2023/05/12 21:05:12.525] -    >  eth_getBalance: [
   >   "0x660c4830fb42b8f61a140530d223d4c2c3e59fa2",
   >   "latest"
   > ]
[2023/05/12 21:05:12.531] -    >  eth_getTransactionCount: [
   >   "0x660c4830fb42b8f61a140530d223d4c2c3e59fa2",
   >   "latest"
   > ]
[2023/05/12 21:05:12.537] -    >  eth_getBalance: [
   >   "0xfa00ac3ce3463398465be7676d5fef044fffd8a9",
   >   "latest"
   > ]
[2023/05/12 21:05:12.542] -    >  eth_getTransactionCount: [
   >   "0xfa00ac3ce3463398465be7676d5fef044fffd8a9",
   >   "latest"
   > ]
[2023/05/12 21:05:12.547] -    >  eth_getBalance: [
   >   "0x371f643f554accf455c0d14de427fcf808ca8414",
   >   "latest"
   > ]
[2023/05/12 21:05:12.562] -    >  eth_getTransactionCount: [
   >   "0x371f643f554accf455c0d14de427fcf808ca8414",
   >   "latest"
   > ]
[2023/05/12 21:05:12.572] -    >  eth_getBalance: [
   >   "0x52ca4e27f9f4f3c663c620345f96e22a43922627",
   >   "latest"
   > ]
[2023/05/12 21:05:12.577] -    >  eth_getTransactionCount: [
   >   "0x52ca4e27f9f4f3c663c620345f96e22a43922627",
   >   "latest"
   > ]
[2023/05/12 21:05:12.581] -    >  eth_getBalance: [
   >   "0x739b041cd15a0ccaaaf5e16d18dbd96c907e6de3",
   >   "latest"
   > ]
[2023/05/12 21:05:12.587] -    >  eth_getTransactionCount: [
   >   "0x739b041cd15a0ccaaaf5e16d18dbd96c907e6de3",
   >   "latest"
   > ]
[2023/05/12 21:05:12.592] -    >  eth_getBalance: [
   >   "0x90ce3ae9b0db07ddf4406697991cc63481e69cbf",
   >   "latest"
   > ]
[2023/05/12 21:05:12.596] -    >  eth_getTransactionCount: [
   >   "0x90ce3ae9b0db07ddf4406697991cc63481e69cbf",
   >   "latest"
   > ]
[2023/05/12 21:05:12.605] -    >  eth_getBalance: [
   >   "0xdf3fd8b691d03ca79a33222636ba5f10e014b448",
   >   "latest"
   > ]
[2023/05/12 21:05:12.610] -    >  eth_getTransactionCount: [
   >   "0xdf3fd8b691d03ca79a33222636ba5f10e014b448",
   >   "latest"
   > ]
[2023/05/12 21:05:12.616] -    >  eth_getBalance: [
   >   "0xc89b3ebee8d5e933b1ef3f941c0f5a35a9d3cd5d",
   >   "latest"
   > ]
[2023/05/12 21:05:12.622] -    >  eth_getTransactionCount: [
   >   "0xc89b3ebee8d5e933b1ef3f941c0f5a35a9d3cd5d",
   >   "latest"
   > ]
[2023/05/12 21:05:12.627] -    >  eth_getBalance: [
   >   "0x21e04170695d70503447be0d88858926d00df31d",
   >   "latest"
   > ]
[2023/05/12 21:05:12.635] -    >  eth_getTransactionCount: [
   >   "0x21e04170695d70503447be0d88858926d00df31d",
   >   "latest"
   > ]
[2023/05/12 21:05:12.639] -    >  eth_getBalance: [
   >   "0xc0239d1804e2cac628a523dc8a169b97d01d175a",
   >   "latest"
   > ]
[2023/05/12 21:05:12.644] -    >  eth_getTransactionCount: [
   >   "0xc0239d1804e2cac628a523dc8a169b97d01d175a",
   >   "latest"
   > ]
[2023/05/12 21:05:12.648] -    >  eth_getBalance: [
   >   "0xb36914876092ac663a7b4189ccbe3b07abb49111",
   >   "latest"
   > ]
[2023/05/12 21:05:12.654] -    >  eth_getTransactionCount: [
   >   "0xb36914876092ac663a7b4189ccbe3b07abb49111",
   >   "latest"
   > ]
[2023/05/12 21:05:12.662] -    >  eth_getBalance: [
   >   "0xde8273ee13fc9b5af3f99180cb2982489d1f005e",
   >   "latest"
   > ]
[2023/05/12 21:05:12.668] -    >  eth_getTransactionCount: [
   >   "0xde8273ee13fc9b5af3f99180cb2982489d1f005e",
   >   "latest"
   > ]
[2023/05/12 21:05:12.672] -    >  eth_getBalance: [
   >   "0xaae81d94bc4c8b62d474e0364cca86ffeb05b204",
   >   "latest"
   > ]
[2023/05/12 21:05:12.678] -    >  eth_getTransactionCount: [
   >   "0xaae81d94bc4c8b62d474e0364cca86ffeb05b204",
   >   "latest"
   > ]
[2023/05/12 21:05:12.682] -    >  eth_getBalance: [
   >   "0xa7d624811c8cf4454462aaf9f7ee0864e8e59c33",
   >   "latest"
   > ]
[2023/05/12 21:05:12.689] -    >  eth_getTransactionCount: [
   >   "0xa7d624811c8cf4454462aaf9f7ee0864e8e59c33",
   >   "latest"
   > ]
[2023/05/12 21:05:12.693] -    >  eth_getBalance: [
   >   "0x6e18b1d8f2c996d8caec84a95b0ebe7ae83300c9",
   >   "latest"
   > ]
[2023/05/12 21:05:12.698] -    >  eth_getTransactionCount: [
   >   "0x6e18b1d8f2c996d8caec84a95b0ebe7ae83300c9",
   >   "latest"
   > ]
[2023/05/12 21:05:12.702] -    >  eth_getBalance: [
   >   "0x8bc88d0041f929240bda6d779ac4f4960c7f4123",
   >   "latest"
   > ]
[2023/05/12 21:05:12.707] -    >  eth_getTransactionCount: [
   >   "0x8bc88d0041f929240bda6d779ac4f4960c7f4123",
   >   "latest"
   > ]
[2023/05/12 21:05:12.711] -    >  eth_getBalance: [
   >   "0x8abbaa110987abfaf913ac140a9ef7d76f3291be",
   >   "latest"
   > ]
[2023/05/12 21:05:12.719] -    >  eth_getTransactionCount: [
   >   "0x8abbaa110987abfaf913ac140a9ef7d76f3291be",
   >   "latest"
   > ]
[2023/05/12 21:05:12.724] -    >  eth_getBalance: [
   >   "0x6717b0d2469aad00ba8e2ee9c05e6d479a61eed0",
   >   "latest"
   > ]
[2023/05/12 21:05:12.728] -    >  eth_getTransactionCount: [
   >   "0x6717b0d2469aad00ba8e2ee9c05e6d479a61eed0",
   >   "latest"
   > ]
[2023/05/12 21:05:12.733] -    >  eth_getBalance: [
   >   "0xf08a84ce4f534e7c2d177590ccc28993eb92c679",
   >   "latest"
   > ]
[2023/05/12 21:05:12.738] -    >  eth_getTransactionCount: [
   >   "0xf08a84ce4f534e7c2d177590ccc28993eb92c679",
   >   "latest"
   > ]
[2023/05/12 21:05:12.744] -    >  eth_getBalance: [
   >   "0x886d222777a9481993732f78a55ccec3dac0f6b5",
   >   "latest"
   > ]
[2023/05/12 21:05:12.749] -    >  eth_getTransactionCount: [
   >   "0x886d222777a9481993732f78a55ccec3dac0f6b5",
   >   "latest"
   > ]
[2023/05/12 21:05:12.754] -    >  eth_getBalance: [
   >   "0x66a5dc033f0f7d6241c31e9b6bbe23f9672d03f6",
   >   "latest"
   > ]
[2023/05/12 21:05:12.758] -    >  eth_getTransactionCount: [
   >   "0x66a5dc033f0f7d6241c31e9b6bbe23f9672d03f6",
   >   "latest"
   > ]
[2023/05/12 21:05:12.763] -    >  eth_getBalance: [
   >   "0xc375fc4bed4de535f3aa5d8e695905271ecd1f94",
   >   "latest"
   > ]
[2023/05/12 21:05:12.770] -    >  eth_getTransactionCount: [
   >   "0xc375fc4bed4de535f3aa5d8e695905271ecd1f94",
   >   "latest"
   > ]
[2023/05/12 21:05:12.775] -    >  eth_getBalance: [
   >   "0x6b64b4aa893eda22eff291a62c6922e7a17a91fa",
   >   "latest"
   > ]
[2023/05/12 21:05:12.780] -    >  eth_getTransactionCount: [
   >   "0x6b64b4aa893eda22eff291a62c6922e7a17a91fa",
   >   "latest"
   > ]
[2023/05/12 21:05:12.786] -    >  eth_getBalance: [
   >   "0xc9a8a39781bb2f0ceb1df23c807eca86f25d48d7",
   >   "latest"
   > ]
[2023/05/12 21:05:12.790] -    >  eth_getTransactionCount: [
   >   "0xc9a8a39781bb2f0ceb1df23c807eca86f25d48d7",
   >   "latest"
   > ]
[2023/05/12 21:05:12.794] -    >  eth_getBalance: [
   >   "0xf39ce64192f8c3233cac770a0af74085abf47c29",
   >   "latest"
   > ]
[2023/05/12 21:05:12.801] -    >  eth_getTransactionCount: [
   >   "0xf39ce64192f8c3233cac770a0af74085abf47c29",
   >   "latest"
   > ]
[2023/05/12 21:05:12.805] -    >  eth_getBalance: [
   >   "0x510eaa3b850491b23906f0baedeefa517005fc72",
   >   "latest"
   > ]
[2023/05/12 21:05:12.810] -    >  eth_getTransactionCount: [
   >   "0x510eaa3b850491b23906f0baedeefa517005fc72",
   >   "latest"
   > ]
[2023/05/12 21:05:12.814] -    >  eth_getBalance: [
   >   "0x112692c99a7d3346689e0b0b34453fc7576482bc",
   >   "latest"
   > ]
[2023/05/12 21:05:12.819] -    >  eth_getTransactionCount: [
   >   "0x112692c99a7d3346689e0b0b34453fc7576482bc",
   >   "latest"
   > ]
[2023/05/12 21:05:12.827] -    >  eth_getBalance: [
   >   "0x05ed1e2c4152ae0af046dfc473b91bbe21b65d77",
   >   "latest"
   > ]
[2023/05/12 21:05:12.831] -    >  eth_getTransactionCount: [
   >   "0x05ed1e2c4152ae0af046dfc473b91bbe21b65d77",
   >   "latest"
   > ]
[2023/05/12 21:05:12.836] -    >  eth_getBalance: [
   >   "0x8c9b935958017192a97b964fcd17473206680635",
   >   "latest"
   > ]
[2023/05/12 21:05:12.840] -    >  eth_getTransactionCount: [
   >   "0x8c9b935958017192a97b964fcd17473206680635",
   >   "latest"
   > ]
[2023/05/12 21:05:12.844] -    >  eth_getBalance: [
   >   "0xf8ef3cf94944b5433a8c0b843e71e6f1883ef504",
   >   "latest"
   > ]
[2023/05/12 21:05:12.852] -    >  eth_getTransactionCount: [
   >   "0xf8ef3cf94944b5433a8c0b843e71e6f1883ef504",
   >   "latest"
   > ]
[2023/05/12 21:05:12.856] -    >  eth_getBalance: [
   >   "0x9cef7217434d977421f07560572b0a4c4c41cf12",
   >   "latest"
   > ]
[2023/05/12 21:05:12.860] -    >  eth_getTransactionCount: [
   >   "0x9cef7217434d977421f07560572b0a4c4c41cf12",
   >   "latest"
   > ]
[2023/05/12 21:05:12.865] -    >  eth_getBalance: [
   >   "0x79d251d695d0fbd24c453f01257ebd980bb917d4",
   >   "latest"
   > ]
[2023/05/12 21:05:12.871] -    >  eth_getTransactionCount: [
   >   "0x79d251d695d0fbd24c453f01257ebd980bb917d4",
   >   "latest"
   > ]
[2023/05/12 21:05:12.877] -    >  eth_getBalance: [
   >   "0x6ebdeae1692044f91d0d7309d953d03cdeb9742a",
   >   "latest"
   > ]
[2023/05/12 21:05:12.882] -    >  eth_getTransactionCount: [
   >   "0x6ebdeae1692044f91d0d7309d953d03cdeb9742a",
   >   "latest"
   > ]
[2023/05/12 21:05:12.887] -    >  eth_getBalance: [
   >   "0xdd8d8f72cae3cb9d2bb9103143553cc9473dfffc",
   >   "latest"
   > ]
[2023/05/12 21:05:12.891] -    >  eth_getTransactionCount: [
   >   "0xdd8d8f72cae3cb9d2bb9103143553cc9473dfffc",
   >   "latest"
   > ]
[2023/05/12 21:05:12.896] -    >  eth_getBalance: [
   >   "0x84a1155b00c05e6356598ce89e3015939c0f21e8",
   >   "latest"
   > ]
[2023/05/12 21:05:12.901] -    >  eth_getTransactionCount: [
   >   "0x84a1155b00c05e6356598ce89e3015939c0f21e8",
   >   "latest"
   > ]
[2023/05/12 21:05:12.907] -    >  eth_getBalance: [
   >   "0x7f37452478ec33e15d84231e3f4dcfb92744ee9e",
   >   "latest"
   > ]
[2023/05/12 21:05:12.913] -    >  eth_getTransactionCount: [
   >   "0x7f37452478ec33e15d84231e3f4dcfb92744ee9e",
   >   "latest"
   > ]
[2023/05/12 21:05:12.919] -    >  eth_getBalance: [
   >   "0xdb450ac3e1e58fdfbf7bc711087b53f9459a2b28",
   >   "latest"
   > ]
[2023/05/12 21:05:12.924] -    >  eth_getTransactionCount: [
   >   "0xdb450ac3e1e58fdfbf7bc711087b53f9459a2b28",
   >   "latest"
   > ]
[2023/05/12 21:05:12.928] -    >  eth_getBalance: [
   >   "0x539278c22788c79309038591c32563d8dd34ccec",
   >   "latest"
   > ]
[2023/05/12 21:05:12.935] -    >  eth_getTransactionCount: [
   >   "0x539278c22788c79309038591c32563d8dd34ccec",
   >   "latest"
   > ]
[2023/05/12 21:05:12.940] -    >  eth_getBalance: [
   >   "0x62180441986237c106d57b96c7a5d38349aea243",
   >   "latest"
   > ]
[2023/05/12 21:05:12.944] -    >  eth_getTransactionCount: [
   >   "0x62180441986237c106d57b96c7a5d38349aea243",
   >   "latest"
   > ]
[2023/05/12 21:05:12.949] -    >  eth_getBalance: [
   >   "0x0c440bc74e8a32ad91917219558cd9225fffb386",
   >   "latest"
   > ]
[2023/05/12 21:05:12.955] -    >  eth_getTransactionCount: [
   >   "0x0c440bc74e8a32ad91917219558cd9225fffb386",
   >   "latest"
   > ]
[2023/05/12 21:05:12.961] -    >  eth_getBalance: [
   >   "0x0ddda6159f181dda50e42102ebaa54868d9c9fc2",
   >   "latest"
   > ]
[2023/05/12 21:05:12.966] -    >  eth_getTransactionCount: [
   >   "0x0ddda6159f181dda50e42102ebaa54868d9c9fc2",
   >   "latest"
   > ]
[2023/05/12 21:05:12.972] -    >  eth_getBalance: [
   >   "0xb92cac2bf5fc5189907333c4280807e374e4dd6a",
   >   "latest"
   > ]
[2023/05/12 21:05:12.976] -    >  eth_getTransactionCount: [
   >   "0xb92cac2bf5fc5189907333c4280807e374e4dd6a",
   >   "latest"
   > ]
[2023/05/12 21:05:12.981] -    >  eth_getBalance: [
   >   "0x3b4483ef6c4397c7efdaeb98bfbb430084cbc9b8",
   >   "latest"
   > ]
[2023/05/12 21:05:12.988] -    >  eth_getTransactionCount: [
   >   "0x3b4483ef6c4397c7efdaeb98bfbb430084cbc9b8",
   >   "latest"
   > ]
[2023/05/12 21:05:12.993] -    >  eth_getBalance: [
   >   "0x23e50faeb889c351f9264665f8813a6ebb401aae",
   >   "latest"
   > ]
[2023/05/12 21:05:12.997] -    >  eth_getTransactionCount: [
   >   "0x23e50faeb889c351f9264665f8813a6ebb401aae",
   >   "latest"
   > ]
[2023/05/12 21:05:13.003] -    >  eth_getBalance: [
   >   "0x05e3b439586eb13c23fced9a74bcce869edafcf2",
   >   "latest"
   > ]
[2023/05/12 21:05:13.007] -    >  eth_getTransactionCount: [
   >   "0x05e3b439586eb13c23fced9a74bcce869edafcf2",
   >   "latest"
   > ]
[2023/05/12 21:05:13.011] -    >  eth_getBalance: [
   >   "0x4e518f9ea15511524389fd5b2227abe6ba162dba",
   >   "latest"
   > ]
[2023/05/12 21:05:13.018] -    >  eth_getTransactionCount: [
   >   "0x4e518f9ea15511524389fd5b2227abe6ba162dba",
   >   "latest"
   > ]
[2023/05/12 21:05:13.023] -    >  eth_getBalance: [
   >   "0x54191a5168d0f4e3ffb1c869ce4d5d052c29796c",
   >   "latest"
   > ]
[2023/05/12 21:05:13.028] -    >  eth_getTransactionCount: [
   >   "0x54191a5168d0f4e3ffb1c869ce4d5d052c29796c",
   >   "latest"
   > ]
[2023/05/12 21:05:13.034] -    >  eth_getBalance: [
   >   "0x2722f84e7488fc8d2f8d65d4dfa7400f7e0d6d25",
   >   "latest"
   > ]
[2023/05/12 21:05:13.040] -    >  eth_getTransactionCount: [
   >   "0x2722f84e7488fc8d2f8d65d4dfa7400f7e0d6d25",
   >   "latest"
   > ]
[2023/05/12 21:05:13.046] -    >  eth_getBalance: [
   >   "0x6d5615f3fe360105c3f6646ce446b332621c4a3b",
   >   "latest"
   > ]
[2023/05/12 21:05:13.051] -    >  eth_getTransactionCount: [
   >   "0x6d5615f3fe360105c3f6646ce446b332621c4a3b",
   >   "latest"
   > ]
[2023/05/12 21:05:13.056] -    >  eth_getBalance: [
   >   "0xfe6663e7361c752268bd53e91c5bc783bf0ac760",
   >   "latest"
   > ]
[2023/05/12 21:05:13.060] -    >  eth_getTransactionCount: [
   >   "0xfe6663e7361c752268bd53e91c5bc783bf0ac760",
   >   "latest"
   > ]
[2023/05/12 21:05:13.064] -    >  eth_getBalance: [
   >   "0x660c4830fb42b8f61a140530d223d4c2c3e59fa2",
   >   "latest"
   > ]
[2023/05/12 21:05:13.071] -    >  eth_getTransactionCount: [
   >   "0x660c4830fb42b8f61a140530d223d4c2c3e59fa2",
   >   "latest"
   > ]
[2023/05/12 21:05:13.076] -    >  eth_getBalance: [
   >   "0xfa00ac3ce3463398465be7676d5fef044fffd8a9",
   >   "latest"
   > ]
[2023/05/12 21:05:13.080] -    >  eth_getTransactionCount: [
   >   "0xfa00ac3ce3463398465be7676d5fef044fffd8a9",
   >   "latest"
   > ]
[2023/05/12 21:05:13.085] -    >  eth_getBalance: [
   >   "0x371f643f554accf455c0d14de427fcf808ca8414",
   >   "latest"
   > ]
[2023/05/12 21:05:13.090] -    >  eth_getTransactionCount: [
   >   "0x371f643f554accf455c0d14de427fcf808ca8414",
   >   "latest"
   > ]
[2023/05/12 21:05:13.097] -    >  eth_getBalance: [
   >   "0x52ca4e27f9f4f3c663c620345f96e22a43922627",
   >   "latest"
   > ]
[2023/05/12 21:05:13.103] -    >  eth_getTransactionCount: [
   >   "0x52ca4e27f9f4f3c663c620345f96e22a43922627",
   >   "latest"
   > ]
[2023/05/12 21:05:13.107] -    >  eth_getBalance: [
   >   "0x739b041cd15a0ccaaaf5e16d18dbd96c907e6de3",
   >   "latest"
   > ]
[2023/05/12 21:05:13.111] -    >  eth_getTransactionCount: [
   >   "0x739b041cd15a0ccaaaf5e16d18dbd96c907e6de3",
   >   "latest"
   > ]
[2023/05/12 21:05:13.117] -    >  eth_getBalance: [
   >   "0x90ce3ae9b0db07ddf4406697991cc63481e69cbf",
   >   "latest"
   > ]
[2023/05/12 21:05:13.122] -    >  eth_getTransactionCount: [
   >   "0x90ce3ae9b0db07ddf4406697991cc63481e69cbf",
   >   "latest"
   > ]
[2023/05/12 21:05:13.128] -    >  eth_getBalance: [
   >   "0xdf3fd8b691d03ca79a33222636ba5f10e014b448",
   >   "latest"
   > ]
[2023/05/12 21:05:13.133] -    >  eth_getTransactionCount: [
   >   "0xdf3fd8b691d03ca79a33222636ba5f10e014b448",
   >   "latest"
   > ]
[2023/05/12 21:05:13.139] -    >  eth_getBalance: [
   >   "0xc89b3ebee8d5e933b1ef3f941c0f5a35a9d3cd5d",
   >   "latest"
   > ]
[2023/05/12 21:05:13.143] -    >  eth_getTransactionCount: [
   >   "0xc89b3ebee8d5e933b1ef3f941c0f5a35a9d3cd5d",
   >   "latest"
   > ]
[2023/05/12 21:05:13.148] -    >  eth_getBalance: [
   >   "0x21e04170695d70503447be0d88858926d00df31d",
   >   "latest"
   > ]
[2023/05/12 21:05:13.154] -    >  eth_getTransactionCount: [
   >   "0x21e04170695d70503447be0d88858926d00df31d",
   >   "latest"
   > ]
[2023/05/12 21:05:13.158] -    >  eth_getBalance: [
   >   "0xc0239d1804e2cac628a523dc8a169b97d01d175a",
   >   "latest"
   > ]
[2023/05/12 21:05:13.162] -    >  eth_getTransactionCount: [
   >   "0xc0239d1804e2cac628a523dc8a169b97d01d175a",
   >   "latest"
   > ]
[2023/05/12 21:05:13.169] -    >  eth_getBalance: [
   >   "0xb36914876092ac663a7b4189ccbe3b07abb49111",
   >   "latest"
   > ]
[2023/05/12 21:05:13.174] -    >  eth_getTransactionCount: [
   >   "0xb36914876092ac663a7b4189ccbe3b07abb49111",
   >   "latest"
   > ]
[2023/05/12 21:05:13.290] -    >  eth_getBalance: [
   >   "0xde8273ee13fc9b5af3f99180cb2982489d1f005e",
   >   "latest"
   > ]
[2023/05/12 21:05:13.295] -    >  eth_getTransactionCount: [
   >   "0xde8273ee13fc9b5af3f99180cb2982489d1f005e",
   >   "latest"
   > ]
[2023/05/12 21:05:13.302] -    >  eth_getBalance: [
   >   "0xaae81d94bc4c8b62d474e0364cca86ffeb05b204",
   >   "latest"
   > ]
[2023/05/12 21:05:13.306] -    >  eth_getTransactionCount: [
   >   "0xaae81d94bc4c8b62d474e0364cca86ffeb05b204",
   >   "latest"
   > ]
[2023/05/12 21:05:13.311] -    >  eth_getBalance: [
   >   "0xa7d624811c8cf4454462aaf9f7ee0864e8e59c33",
   >   "latest"
   > ]
[2023/05/12 21:05:13.315] -    >  eth_getTransactionCount: [
   >   "0xa7d624811c8cf4454462aaf9f7ee0864e8e59c33",
   >   "latest"
   > ]
[2023/05/12 21:05:13.322] -    >  eth_getBalance: [
   >   "0x6e18b1d8f2c996d8caec84a95b0ebe7ae83300c9",
   >   "latest"
   > ]
[2023/05/12 21:05:13.330] -    >  eth_getTransactionCount: [
   >   "0x6e18b1d8f2c996d8caec84a95b0ebe7ae83300c9",
   >   "latest"
   > ]
[2023/05/12 21:05:13.344] -    >  eth_getBalance: [
   >   "0x8bc88d0041f929240bda6d779ac4f4960c7f4123",
   >   "latest"
   > ]
[2023/05/12 21:05:13.350] -    >  eth_getTransactionCount: [
   >   "0x8bc88d0041f929240bda6d779ac4f4960c7f4123",
   >   "latest"
   > ]
[2023/05/12 21:05:13.354] -    >  eth_getBalance: [
   >   "0x8abbaa110987abfaf913ac140a9ef7d76f3291be",
   >   "latest"
   > ]
[2023/05/12 21:05:13.359] -    >  eth_getTransactionCount: [
   >   "0x8abbaa110987abfaf913ac140a9ef7d76f3291be",
   >   "latest"
   > ]
[2023/05/12 21:05:13.364] -    >  eth_getBalance: [
   >   "0x6717b0d2469aad00ba8e2ee9c05e6d479a61eed0",
   >   "latest"
   > ]
[2023/05/12 21:05:13.369] -    >  eth_getTransactionCount: [
   >   "0x6717b0d2469aad00ba8e2ee9c05e6d479a61eed0",
   >   "latest"
   > ]
[2023/05/12 21:05:13.375] -    >  eth_getBalance: [
   >   "0xf08a84ce4f534e7c2d177590ccc28993eb92c679",
   >   "latest"
   > ]
[2023/05/12 21:05:13.379] -    >  eth_getTransactionCount: [
   >   "0xf08a84ce4f534e7c2d177590ccc28993eb92c679",
   >   "latest"
   > ]
[2023/05/12 21:05:13.386] -    >  eth_getBalance: [
   >   "0x886d222777a9481993732f78a55ccec3dac0f6b5",
   >   "latest"
   > ]
[2023/05/12 21:05:13.391] -    >  eth_getTransactionCount: [
   >   "0x886d222777a9481993732f78a55ccec3dac0f6b5",
   >   "latest"
   > ]
[2023/05/12 21:05:13.395] -    >  eth_getBalance: [
   >   "0x66a5dc033f0f7d6241c31e9b6bbe23f9672d03f6",
   >   "latest"
   > ]
[2023/05/12 21:05:13.402] -    >  eth_getTransactionCount: [
   >   "0x66a5dc033f0f7d6241c31e9b6bbe23f9672d03f6",
   >   "latest"
   > ]
[2023/05/12 21:05:13.407] -    >  eth_getBalance: [
   >   "0xc375fc4bed4de535f3aa5d8e695905271ecd1f94",
   >   "latest"
   > ]
[2023/05/12 21:05:13.411] -    >  eth_getTransactionCount: [
   >   "0xc375fc4bed4de535f3aa5d8e695905271ecd1f94",
   >   "latest"
   > ]
[2023/05/12 21:05:13.416] -    >  eth_getBalance: [
   >   "0x6b64b4aa893eda22eff291a62c6922e7a17a91fa",
   >   "latest"
   > ]
[2023/05/12 21:05:13.421] -    >  eth_getTransactionCount: [
   >   "0x6b64b4aa893eda22eff291a62c6922e7a17a91fa",
   >   "latest"
   > ]
[2023/05/12 21:05:13.427] -    >  eth_getBalance: [
   >   "0xc9a8a39781bb2f0ceb1df23c807eca86f25d48d7",
   >   "latest"
   > ]
[2023/05/12 21:05:13.432] -    >  eth_getTransactionCount: [
   >   "0xc9a8a39781bb2f0ceb1df23c807eca86f25d48d7",
   >   "latest"
   > ]
[2023/05/12 21:05:13.437] -    >  eth_getBalance: [
   >   "0xf39ce64192f8c3233cac770a0af74085abf47c29",
   >   "latest"
   > ]
[2023/05/12 21:05:13.441] -    >  eth_getTransactionCount: [
   >   "0xf39ce64192f8c3233cac770a0af74085abf47c29",
   >   "latest"
   > ]
[2023/05/12 21:05:13.445] -    >  eth_getBalance: [
   >   "0x510eaa3b850491b23906f0baedeefa517005fc72",
   >   "latest"
   > ]
[2023/05/12 21:05:13.450] -    >  eth_getTransactionCount: [
   >   "0x510eaa3b850491b23906f0baedeefa517005fc72",
   >   "latest"
   > ]
[2023/05/12 21:05:13.457] -    >  eth_getBalance: [
   >   "0x112692c99a7d3346689e0b0b34453fc7576482bc",
   >   "latest"
   > ]
[2023/05/12 21:05:13.461] -    >  eth_getTransactionCount: [
   >   "0x112692c99a7d3346689e0b0b34453fc7576482bc",
   >   "latest"
   > ]
[2023/05/12 21:05:13.466] -    >  eth_getBalance: [
   >   "0x05ed1e2c4152ae0af046dfc473b91bbe21b65d77",
   >   "latest"
   > ]
[2023/05/12 21:05:13.471] -    >  eth_getTransactionCount: [
   >   "0x05ed1e2c4152ae0af046dfc473b91bbe21b65d77",
   >   "latest"
   > ]
[2023/05/12 21:05:13.475] -    >  eth_getBalance: [
   >   "0x8c9b935958017192a97b964fcd17473206680635",
   >   "latest"
   > ]
[2023/05/12 21:05:13.481] -    >  eth_getTransactionCount: [
   >   "0x8c9b935958017192a97b964fcd17473206680635",
   >   "latest"
   > ]
[2023/05/12 21:05:13.486] -    >  eth_getBalance: [
   >   "0xf8ef3cf94944b5433a8c0b843e71e6f1883ef504",
   >   "latest"
   > ]
[2023/05/12 21:05:13.490] -    >  eth_getTransactionCount: [
   >   "0xf8ef3cf94944b5433a8c0b843e71e6f1883ef504",
   >   "latest"
   > ]
[2023/05/12 21:05:13.495] -    >  eth_getBalance: [
   >   "0x9cef7217434d977421f07560572b0a4c4c41cf12",
   >   "latest"
   > ]
[2023/05/12 21:05:13.501] -    >  eth_getTransactionCount: [
   >   "0x9cef7217434d977421f07560572b0a4c4c41cf12",
   >   "latest"
   > ]
[2023/05/12 21:05:13.508] -    >  eth_getBalance: [
   >   "0x79d251d695d0fbd24c453f01257ebd980bb917d4",
   >   "latest"
   > ]
[2023/05/12 21:05:13.512] -    >  eth_getTransactionCount: [
   >   "0x79d251d695d0fbd24c453f01257ebd980bb917d4",
   >   "latest"
   > ]
[2023/05/12 21:05:13.517] -    >  eth_getBalance: [
   >   "0x6ebdeae1692044f91d0d7309d953d03cdeb9742a",
   >   "latest"
   > ]
[2023/05/12 21:05:13.522] -    >  eth_getTransactionCount: [
   >   "0x6ebdeae1692044f91d0d7309d953d03cdeb9742a",
   >   "latest"
   > ]
[2023/05/12 21:05:13.527] -    >  eth_getBalance: [
   >   "0xdd8d8f72cae3cb9d2bb9103143553cc9473dfffc",
   >   "latest"
   > ]
[2023/05/12 21:05:13.534] -    >  eth_getTransactionCount: [
   >   "0xdd8d8f72cae3cb9d2bb9103143553cc9473dfffc",
   >   "latest"
   > ]
[2023/05/12 21:05:13.538] -    >  eth_getBalance: [
   >   "0x84a1155b00c05e6356598ce89e3015939c0f21e8",
   >   "latest"
   > ]
[2023/05/12 21:05:13.543] -    >  eth_getTransactionCount: [
   >   "0x84a1155b00c05e6356598ce89e3015939c0f21e8",
   >   "latest"
   > ]
[2023/05/12 21:05:13.547] -    >  eth_getBalance: [
   >   "0x7f37452478ec33e15d84231e3f4dcfb92744ee9e",
   >   "latest"
   > ]
[2023/05/12 21:05:13.552] -    >  eth_getTransactionCount: [
   >   "0x7f37452478ec33e15d84231e3f4dcfb92744ee9e",
   >   "latest"
   > ]
[2023/05/12 21:05:13.557] -    >  eth_getBalance: [
   >   "0xdb450ac3e1e58fdfbf7bc711087b53f9459a2b28",
   >   "latest"
   > ]
[2023/05/12 21:05:13.564] -    >  eth_getTransactionCount: [
   >   "0xdb450ac3e1e58fdfbf7bc711087b53f9459a2b28",
   >   "latest"
   > ]
[2023/05/12 21:05:13.569] -    >  eth_getBalance: [
   >   "0x539278c22788c79309038591c32563d8dd34ccec",
   >   "latest"
   > ]
[2023/05/12 21:05:13.574] -    >  eth_getTransactionCount: [
   >   "0x539278c22788c79309038591c32563d8dd34ccec",
   >   "latest"
   > ]
[2023/05/12 21:05:13.580] -    >  eth_getBalance: [
   >   "0x62180441986237c106d57b96c7a5d38349aea243",
   >   "latest"
   > ]
[2023/05/12 21:05:13.585] -    >  eth_getTransactionCount: [
   >   "0x62180441986237c106d57b96c7a5d38349aea243",
   >   "latest"
   > ]
[2023/05/12 21:05:13.591] -    >  eth_getBalance: [
   >   "0x0c440bc74e8a32ad91917219558cd9225fffb386",
   >   "latest"
   > ]
[2023/05/12 21:05:13.595] -    >  eth_getTransactionCount: [
   >   "0x0c440bc74e8a32ad91917219558cd9225fffb386",
   >   "latest"
   > ]
[2023/05/12 21:05:13.600] -    >  eth_getBalance: [
   >   "0x0ddda6159f181dda50e42102ebaa54868d9c9fc2",
   >   "latest"
   > ]
[2023/05/12 21:05:13.604] -    >  eth_getTransactionCount: [
   >   "0x0ddda6159f181dda50e42102ebaa54868d9c9fc2",
   >   "latest"
   > ]
[2023/05/12 21:05:13.609] -    >  eth_getBalance: [
   >   "0xb92cac2bf5fc5189907333c4280807e374e4dd6a",
   >   "latest"
   > ]
[2023/05/12 21:05:13.615] -    >  eth_getTransactionCount: [
   >   "0xb92cac2bf5fc5189907333c4280807e374e4dd6a",
   >   "latest"
   > ]
[2023/05/12 21:05:13.620] -    >  eth_getBalance: [
   >   "0x3b4483ef6c4397c7efdaeb98bfbb430084cbc9b8",
   >   "latest"
   > ]
[2023/05/12 21:05:13.624] -    >  eth_getTransactionCount: [
   >   "0x3b4483ef6c4397c7efdaeb98bfbb430084cbc9b8",
   >   "latest"
   > ]
[2023/05/12 21:05:13.629] -    >  eth_getBalance: [
   >   "0x23e50faeb889c351f9264665f8813a6ebb401aae",
   >   "latest"
   > ]
[2023/05/12 21:05:13.633] -    >  eth_getTransactionCount: [
   >   "0x23e50faeb889c351f9264665f8813a6ebb401aae",
   >   "latest"
   > ]
[2023/05/12 21:05:13.639] -    >  eth_getBalance: [
   >   "0x05e3b439586eb13c23fced9a74bcce869edafcf2",
   >   "latest"
   > ]
[2023/05/12 21:05:13.645] -    >  eth_getTransactionCount: [
   >   "0x05e3b439586eb13c23fced9a74bcce869edafcf2",
   >   "latest"
   > ]
[2023/05/12 21:05:13.649] -    >  eth_getBalance: [
   >   "0x4e518f9ea15511524389fd5b2227abe6ba162dba",
   >   "latest"
   > ]
[2023/05/12 21:05:13.654] -    >  eth_getTransactionCount: [
   >   "0x4e518f9ea15511524389fd5b2227abe6ba162dba",
   >   "latest"
   > ]
[2023/05/12 21:05:13.658] -    >  eth_getBalance: [
   >   "0x54191a5168d0f4e3ffb1c869ce4d5d052c29796c",
   >   "latest"
   > ]
[2023/05/12 21:05:13.662] -    >  eth_getTransactionCount: [
   >   "0x54191a5168d0f4e3ffb1c869ce4d5d052c29796c",
   >   "latest"
   > ]
[2023/05/12 21:05:13.670] -    >  eth_getBalance: [
   >   "0x2722f84e7488fc8d2f8d65d4dfa7400f7e0d6d25",
   >   "latest"
   > ]
[2023/05/12 21:05:13.674] -    >  eth_getTransactionCount: [
   >   "0x2722f84e7488fc8d2f8d65d4dfa7400f7e0d6d25",
   >   "latest"
   > ]
[2023/05/12 21:05:13.678] -    >  eth_getBalance: [
   >   "0x6d5615f3fe360105c3f6646ce446b332621c4a3b",
   >   "latest"
   > ]
[2023/05/12 21:05:13.683] -    >  eth_getTransactionCount: [
   >   "0x6d5615f3fe360105c3f6646ce446b332621c4a3b",
   >   "latest"
   > ]
[2023/05/12 21:05:13.688] -    >  eth_getBalance: [
   >   "0xfe6663e7361c752268bd53e91c5bc783bf0ac760",
   >   "latest"
   > ]
[2023/05/12 21:05:13.694] -    >  eth_getTransactionCount: [
   >   "0xfe6663e7361c752268bd53e91c5bc783bf0ac760",
   >   "latest"
   > ]
[2023/05/12 21:05:13.699] -    >  eth_getBalance: [
   >   "0x660c4830fb42b8f61a140530d223d4c2c3e59fa2",
   >   "latest"
   > ]
[2023/05/12 21:05:13.703] -    >  eth_getTransactionCount: [
   >   "0x660c4830fb42b8f61a140530d223d4c2c3e59fa2",
   >   "latest"
   > ]
[2023/05/12 21:05:13.708] -    >  eth_getBalance: [
   >   "0xfa00ac3ce3463398465be7676d5fef044fffd8a9",
   >   "latest"
   > ]
[2023/05/12 21:05:13.712] -    >  eth_getTransactionCount: [
   >   "0xfa00ac3ce3463398465be7676d5fef044fffd8a9",
   >   "latest"
   > ]
[2023/05/12 21:05:13.721] -    >  eth_getBalance: [
   >   "0x371f643f554accf455c0d14de427fcf808ca8414",
   >   "latest"
   > ]
[2023/05/12 21:05:13.725] -    >  eth_getTransactionCount: [
   >   "0x371f643f554accf455c0d14de427fcf808ca8414",
   >   "latest"
   > ]
[2023/05/12 21:05:13.729] -    >  eth_getBalance: [
   >   "0x52ca4e27f9f4f3c663c620345f96e22a43922627",
   >   "latest"
   > ]
[2023/05/12 21:05:13.734] -    >  eth_getTransactionCount: [
   >   "0x52ca4e27f9f4f3c663c620345f96e22a43922627",
   >   "latest"
   > ]
[2023/05/12 21:05:13.739] -    >  eth_getBalance: [
   >   "0x739b041cd15a0ccaaaf5e16d18dbd96c907e6de3",
   >   "latest"
   > ]
[2023/05/12 21:05:13.743] -    >  eth_getTransactionCount: [
   >   "0x739b041cd15a0ccaaaf5e16d18dbd96c907e6de3",
   >   "latest"
   > ]
[2023/05/12 21:05:13.750] -    >  eth_getBalance: [
   >   "0x90ce3ae9b0db07ddf4406697991cc63481e69cbf",
   >   "latest"
   > ]
[2023/05/12 21:05:13.755] -    >  eth_getTransactionCount: [
   >   "0x90ce3ae9b0db07ddf4406697991cc63481e69cbf",
   >   "latest"
   > ]
[2023/05/12 21:05:13.759] -    >  eth_getBalance: [
   >   "0xdf3fd8b691d03ca79a33222636ba5f10e014b448",
   >   "latest"
   > ]
[2023/05/12 21:05:13.764] -    >  eth_getTransactionCount: [
   >   "0xdf3fd8b691d03ca79a33222636ba5f10e014b448",
   >   "latest"
   > ]
[2023/05/12 21:05:13.769] -    >  eth_getBalance: [
   >   "0xc89b3ebee8d5e933b1ef3f941c0f5a35a9d3cd5d",
   >   "latest"
   > ]
[2023/05/12 21:05:13.776] -    >  eth_getTransactionCount: [
   >   "0xc89b3ebee8d5e933b1ef3f941c0f5a35a9d3cd5d",
   >   "latest"
   > ]
[2023/05/12 21:05:13.780] -    >  eth_getBalance: [
   >   "0x21e04170695d70503447be0d88858926d00df31d",
   >   "latest"
   > ]
[2023/05/12 21:05:13.785] -    >  eth_getTransactionCount: [
   >   "0x21e04170695d70503447be0d88858926d00df31d",
   >   "latest"
   > ]
[2023/05/12 21:05:13.789] -    >  eth_getBalance: [
   >   "0xc0239d1804e2cac628a523dc8a169b97d01d175a",
   >   "latest"
   > ]
[2023/05/12 21:05:13.794] -    >  eth_getTransactionCount: [
   >   "0xc0239d1804e2cac628a523dc8a169b97d01d175a",
   >   "latest"
   > ]
[2023/05/12 21:05:13.801] -    >  eth_getBalance: [
   >   "0xb36914876092ac663a7b4189ccbe3b07abb49111",
   >   "latest"
   > ]
[2023/05/12 21:05:13.805] -    >  eth_getTransactionCount: [
   >   "0xb36914876092ac663a7b4189ccbe3b07abb49111",
   >   "latest"
   > ]
[2023/05/12 21:05:13.809] -    >  eth_getBalance: [
   >   "0xde8273ee13fc9b5af3f99180cb2982489d1f005e",
   >   "latest"
   > ]
[2023/05/12 21:05:13.813] -    >  eth_getTransactionCount: [
   >   "0xde8273ee13fc9b5af3f99180cb2982489d1f005e",
   >   "latest"
   > ]
[2023/05/12 21:05:13.819] -    >  eth_getBalance: [
   >   "0xaae81d94bc4c8b62d474e0364cca86ffeb05b204",
   >   "latest"
   > ]
[2023/05/12 21:05:13.826] -    >  eth_getTransactionCount: [
   >   "0xaae81d94bc4c8b62d474e0364cca86ffeb05b204",
   >   "latest"
   > ]
[2023/05/12 21:05:13.831] -    >  eth_getBalance: [
   >   "0xa7d624811c8cf4454462aaf9f7ee0864e8e59c33",
   >   "latest"
   > ]
[2023/05/12 21:05:13.843] -    >  eth_getTransactionCount: [
   >   "0xa7d624811c8cf4454462aaf9f7ee0864e8e59c33",
   >   "latest"
   > ]
[2023/05/12 21:05:13.843] -    >  eth_getBalance: [
   >   "0x6e18b1d8f2c996d8caec84a95b0ebe7ae83300c9",
   >   "latest"
   > ]
[2023/05/12 21:05:13.845] -    >  eth_getTransactionCount: [
   >   "0x6e18b1d8f2c996d8caec84a95b0ebe7ae83300c9",
   >   "latest"
   > ]
[2023/05/12 21:05:13.850] -    >  eth_getBalance: [
   >   "0x8bc88d0041f929240bda6d779ac4f4960c7f4123",
   >   "latest"
   > ]
[2023/05/12 21:05:13.857] -    >  eth_getTransactionCount: [
   >   "0x8bc88d0041f929240bda6d779ac4f4960c7f4123",
   >   "latest"
   > ]
[2023/05/12 21:05:13.861] -    >  eth_getBalance: [
   >   "0x8abbaa110987abfaf913ac140a9ef7d76f3291be",
   >   "latest"
   > ]
[2023/05/12 21:05:13.866] -    >  eth_getTransactionCount: [
   >   "0x8abbaa110987abfaf913ac140a9ef7d76f3291be",
   >   "latest"
   > ]
[2023/05/12 21:05:13.872] -    >  eth_getBalance: [
   >   "0x6717b0d2469aad00ba8e2ee9c05e6d479a61eed0",
   >   "latest"
   > ]
[2023/05/12 21:05:13.876] -    >  eth_getTransactionCount: [
   >   "0x6717b0d2469aad00ba8e2ee9c05e6d479a61eed0",
   >   "latest"
   > ]
[2023/05/12 21:05:13.882] -    >  eth_getBalance: [
   >   "0xf08a84ce4f534e7c2d177590ccc28993eb92c679",
   >   "latest"
   > ]
[2023/05/12 21:05:13.887] -    >  eth_getTransactionCount: [
   >   "0xf08a84ce4f534e7c2d177590ccc28993eb92c679",
   >   "latest"
   > ]
[2023/05/12 21:05:13.892] -    >  eth_getBalance: [
   >   "0x886d222777a9481993732f78a55ccec3dac0f6b5",
   >   "latest"
   > ]
[2023/05/12 21:05:13.896] -    >  eth_getTransactionCount: [
   >   "0x886d222777a9481993732f78a55ccec3dac0f6b5",
   >   "latest"
   > ]
[2023/05/12 21:05:13.901] -    >  eth_getBalance: [
   >   "0x66a5dc033f0f7d6241c31e9b6bbe23f9672d03f6",
   >   "latest"
   > ]
[2023/05/12 21:05:13.907] -    >  eth_getTransactionCount: [
   >   "0x66a5dc033f0f7d6241c31e9b6bbe23f9672d03f6",
   >   "latest"
   > ]
[2023/05/12 21:05:13.912] -    >  eth_getBalance: [
   >   "0xc375fc4bed4de535f3aa5d8e695905271ecd1f94",
   >   "latest"
   > ]
[2023/05/12 21:05:13.916] -    >  eth_getTransactionCount: [
   >   "0xc375fc4bed4de535f3aa5d8e695905271ecd1f94",
   >   "latest"
   > ]
[2023/05/12 21:05:13.921] -    >  eth_getBalance: [
   >   "0x6b64b4aa893eda22eff291a62c6922e7a17a91fa",
   >   "latest"
   > ]
[2023/05/12 21:05:13.926] -    >  eth_getTransactionCount: [
   >   "0x6b64b4aa893eda22eff291a62c6922e7a17a91fa",
   >   "latest"
   > ]
[2023/05/12 21:05:13.932] -    >  eth_getBalance: [
   >   "0xc9a8a39781bb2f0ceb1df23c807eca86f25d48d7",
   >   "latest"
   > ]
[2023/05/12 21:05:13.938] -    >  eth_getTransactionCount: [
   >   "0xc9a8a39781bb2f0ceb1df23c807eca86f25d48d7",
   >   "latest"
   > ]
[2023/05/12 21:05:13.943] -    >  eth_getBalance: [
   >   "0xf39ce64192f8c3233cac770a0af74085abf47c29",
   >   "latest"
   > ]
[2023/05/12 21:05:13.947] -    >  eth_getTransactionCount: [
   >   "0xf39ce64192f8c3233cac770a0af74085abf47c29",
   >   "latest"
   > ]
[2023/05/12 21:05:13.952] -    >  eth_getBalance: [
   >   "0x510eaa3b850491b23906f0baedeefa517005fc72",
   >   "latest"
   > ]
[2023/05/12 21:05:13.956] -    >  eth_getTransactionCount: [
   >   "0x510eaa3b850491b23906f0baedeefa517005fc72",
   >   "latest"
   > ]
[2023/05/12 21:05:13.963] -    >  eth_getBalance: [
   >   "0x112692c99a7d3346689e0b0b34453fc7576482bc",
   >   "latest"
   > ]
[2023/05/12 21:05:13.969] -    >  eth_getTransactionCount: [
   >   "0x112692c99a7d3346689e0b0b34453fc7576482bc",
   >   "latest"
   > ]
[2023/05/12 21:05:13.974] -    >  eth_getBalance: [
   >   "0x05ed1e2c4152ae0af046dfc473b91bbe21b65d77",
   >   "latest"
   > ]
[2023/05/12 21:05:13.994] -    >  eth_getTransactionCount: [
   >   "0x05ed1e2c4152ae0af046dfc473b91bbe21b65d77",
   >   "latest"
   > ]
[2023/05/12 21:05:13.995] -    >  eth_getBalance: [
   >   "0x8c9b935958017192a97b964fcd17473206680635",
   >   "latest"
   > ]
[2023/05/12 21:05:13.995] -    >  eth_getTransactionCount: [
   >   "0x8c9b935958017192a97b964fcd17473206680635",
   >   "latest"
   > ]
[2023/05/12 21:05:13.995] -    >  eth_getBalance: [
   >   "0xf8ef3cf94944b5433a8c0b843e71e6f1883ef504",
   >   "latest"
   > ]
[2023/05/12 21:05:13.998] -    >  eth_getTransactionCount: [
   >   "0xf8ef3cf94944b5433a8c0b843e71e6f1883ef504",
   >   "latest"
   > ]
[2023/05/12 21:05:14.005] -    >  eth_getBalance: [
   >   "0x9cef7217434d977421f07560572b0a4c4c41cf12",
   >   "latest"
   > ]
[2023/05/12 21:05:14.011] -    >  eth_getTransactionCount: [
   >   "0x9cef7217434d977421f07560572b0a4c4c41cf12",
   >   "latest"
   > ]
[2023/05/12 21:05:14.017] -    >  eth_getBalance: [
   >   "0x79d251d695d0fbd24c453f01257ebd980bb917d4",
   >   "latest"
   > ]
[2023/05/12 21:05:14.022] -    >  eth_getTransactionCount: [
   >   "0x79d251d695d0fbd24c453f01257ebd980bb917d4",
   >   "latest"
   > ]
[2023/05/12 21:05:14.027] -    >  eth_getBalance: [
   >   "0x6ebdeae1692044f91d0d7309d953d03cdeb9742a",
   >   "latest"
   > ]
[2023/05/12 21:05:14.031] -    >  eth_getTransactionCount: [
   >   "0x6ebdeae1692044f91d0d7309d953d03cdeb9742a",
   >   "latest"
   > ]
[2023/05/12 21:05:14.036] -    >  eth_getBalance: [
   >   "0xdd8d8f72cae3cb9d2bb9103143553cc9473dfffc",
   >   "latest"
   > ]
[2023/05/12 21:05:14.040] -    >  eth_getTransactionCount: [
   >   "0xdd8d8f72cae3cb9d2bb9103143553cc9473dfffc",
   >   "latest"
   > ]
[2023/05/12 21:05:14.046] -    >  eth_getBalance: [
   >   "0x84a1155b00c05e6356598ce89e3015939c0f21e8",
   >   "latest"
   > ]
[2023/05/12 21:05:14.053] -    >  eth_getTransactionCount: [
   >   "0x84a1155b00c05e6356598ce89e3015939c0f21e8",
   >   "latest"
   > ]
[2023/05/12 21:05:14.061] -    >  eth_getBalance: [
   >   "0x7f37452478ec33e15d84231e3f4dcfb92744ee9e",
   >   "latest"
   > ]
[2023/05/12 21:05:14.066] -    >  eth_getTransactionCount: [
   >   "0x7f37452478ec33e15d84231e3f4dcfb92744ee9e",
   >   "latest"
   > ]
[2023/05/12 21:05:14.072] -    >  eth_getBalance: [
   >   "0xdb450ac3e1e58fdfbf7bc711087b53f9459a2b28",
   >   "latest"
   > ]
[2023/05/12 21:05:14.088] -    >  eth_getTransactionCount: [
   >   "0xdb450ac3e1e58fdfbf7bc711087b53f9459a2b28",
   >   "latest"
   > ]
[2023/05/12 21:05:14.093] -    >  eth_getBalance: [
   >   "0x539278c22788c79309038591c32563d8dd34ccec",
   >   "latest"
   > ]
[2023/05/12 21:05:14.097] -    >  eth_getTransactionCount: [
   >   "0x539278c22788c79309038591c32563d8dd34ccec",
   >   "latest"
   > ]
[2023/05/12 21:05:14.101] -    >  eth_getBalance: [
   >   "0x62180441986237c106d57b96c7a5d38349aea243",
   >   "latest"
   > ]
[2023/05/12 21:05:14.105] -    >  eth_getTransactionCount: [
   >   "0x62180441986237c106d57b96c7a5d38349aea243",
   >   "latest"
   > ]
[2023/05/12 21:05:14.110] -    >  eth_getBalance: [
   >   "0x0c440bc74e8a32ad91917219558cd9225fffb386",
   >   "latest"
   > ]
[2023/05/12 21:05:14.114] -    >  eth_getTransactionCount: [
   >   "0x0c440bc74e8a32ad91917219558cd9225fffb386",
   >   "latest"
   > ]
[2023/05/12 21:05:14.120] -    >  eth_getBalance: [
   >   "0x0ddda6159f181dda50e42102ebaa54868d9c9fc2",
   >   "latest"
   > ]
[2023/05/12 21:05:14.125] -    >  eth_getTransactionCount: [
   >   "0x0ddda6159f181dda50e42102ebaa54868d9c9fc2",
   >   "latest"
   > ]
[2023/05/12 21:05:14.130] -    >  eth_getBalance: [
   >   "0xb92cac2bf5fc5189907333c4280807e374e4dd6a",
   >   "latest"
   > ]
[2023/05/12 21:05:14.134] -    >  eth_getTransactionCount: [
   >   "0xb92cac2bf5fc5189907333c4280807e374e4dd6a",
   >   "latest"
   > ]
[2023/05/12 21:05:14.139] -    >  eth_getBalance: [
   >   "0x3b4483ef6c4397c7efdaeb98bfbb430084cbc9b8",
   >   "latest"
   > ]
[2023/05/12 21:05:14.145] -    >  eth_getTransactionCount: [
   >   "0x3b4483ef6c4397c7efdaeb98bfbb430084cbc9b8",
   >   "latest"
   > ]
[2023/05/12 21:05:14.149] -    >  eth_getBalance: [
   >   "0x23e50faeb889c351f9264665f8813a6ebb401aae",
   >   "latest"
   > ]
[2023/05/12 21:05:14.154] -    >  eth_getTransactionCount: [
   >   "0x23e50faeb889c351f9264665f8813a6ebb401aae",
   >   "latest"
   > ]
[2023/05/12 21:05:14.158] -    >  eth_getBalance: [
   >   "0x05e3b439586eb13c23fced9a74bcce869edafcf2",
   >   "latest"
   > ]
[2023/05/12 21:05:14.162] -    >  eth_getTransactionCount: [
   >   "0x05e3b439586eb13c23fced9a74bcce869edafcf2",
   >   "latest"
   > ]
[2023/05/12 21:05:14.169] -    >  eth_getBalance: [
   >   "0x4e518f9ea15511524389fd5b2227abe6ba162dba",
   >   "latest"
   > ]
[2023/05/12 21:05:14.173] -    >  eth_getTransactionCount: [
   >   "0x4e518f9ea15511524389fd5b2227abe6ba162dba",
   >   "latest"
   > ]
[2023/05/12 21:05:14.177] -    >  eth_getBalance: [
   >   "0x54191a5168d0f4e3ffb1c869ce4d5d052c29796c",
   >   "latest"
   > ]
[2023/05/12 21:05:14.182] -    >  eth_getTransactionCount: [
   >   "0x54191a5168d0f4e3ffb1c869ce4d5d052c29796c",
   >   "latest"
   > ]
[2023/05/12 21:05:14.186] -    >  eth_getBalance: [
   >   "0x2722f84e7488fc8d2f8d65d4dfa7400f7e0d6d25",
   >   "latest"
   > ]
[2023/05/12 21:05:14.193] -    >  eth_getTransactionCount: [
   >   "0x2722f84e7488fc8d2f8d65d4dfa7400f7e0d6d25",
   >   "latest"
   > ]
[2023/05/12 21:05:14.197] -    >  eth_getBalance: [
   >   "0x6d5615f3fe360105c3f6646ce446b332621c4a3b",
   >   "latest"
   > ]
[2023/05/12 21:05:14.205] -    >  eth_getTransactionCount: [
   >   "0x6d5615f3fe360105c3f6646ce446b332621c4a3b",
   >   "latest"
   > ]
[2023/05/12 21:05:14.209] -    >  eth_getBalance: [
   >   "0xfe6663e7361c752268bd53e91c5bc783bf0ac760",
   >   "latest"
   > ]
[2023/05/12 21:05:14.214] -    >  eth_getTransactionCount: [
   >   "0xfe6663e7361c752268bd53e91c5bc783bf0ac760",
   >   "latest"
   > ]
[2023/05/12 21:05:14.221] -    >  eth_getBalance: [
   >   "0x660c4830fb42b8f61a140530d223d4c2c3e59fa2",
   >   "latest"
   > ]
[2023/05/12 21:05:14.225] -    >  eth_getTransactionCount: [
   >   "0x660c4830fb42b8f61a140530d223d4c2c3e59fa2",
   >   "latest"
   > ]
[2023/05/12 21:05:14.229] -    >  eth_getBalance: [
   >   "0xfa00ac3ce3463398465be7676d5fef044fffd8a9",
   >   "latest"
   > ]
[2023/05/12 21:05:14.234] -    >  eth_getTransactionCount: [
   >   "0xfa00ac3ce3463398465be7676d5fef044fffd8a9",
   >   "latest"
   > ]
[2023/05/12 21:05:14.238] -    >  eth_getBalance: [
   >   "0x371f643f554accf455c0d14de427fcf808ca8414",
   >   "latest"
   > ]
[2023/05/12 21:05:14.242] -    >  eth_getTransactionCount: [
   >   "0x371f643f554accf455c0d14de427fcf808ca8414",
   >   "latest"
   > ]
[2023/05/12 21:05:14.249] -    >  eth_getBalance: [
   >   "0x52ca4e27f9f4f3c663c620345f96e22a43922627",
   >   "latest"
   > ]
[2023/05/12 21:05:14.253] -    >  eth_getTransactionCount: [
   >   "0x52ca4e27f9f4f3c663c620345f96e22a43922627",
   >   "latest"
   > ]
[2023/05/12 21:05:14.257] -    >  eth_getBalance: [
   >   "0x739b041cd15a0ccaaaf5e16d18dbd96c907e6de3",
   >   "latest"
   > ]
[2023/05/12 21:05:14.261] -    >  eth_getTransactionCount: [
   >   "0x739b041cd15a0ccaaaf5e16d18dbd96c907e6de3",
   >   "latest"
   > ]
[2023/05/12 21:05:14.266] -    >  eth_getBalance: [
   >   "0x90ce3ae9b0db07ddf4406697991cc63481e69cbf",
   >   "latest"
   > ]
[2023/05/12 21:05:14.273] -    >  eth_getTransactionCount: [
   >   "0x90ce3ae9b0db07ddf4406697991cc63481e69cbf",
   >   "latest"
   > ]
[2023/05/12 21:05:14.277] -    >  eth_getBalance: [
   >   "0xdf3fd8b691d03ca79a33222636ba5f10e014b448",
   >   "latest"
   > ]
[2023/05/12 21:05:14.283] -    >  eth_getTransactionCount: [
   >   "0xdf3fd8b691d03ca79a33222636ba5f10e014b448",
   >   "latest"
   > ]
[2023/05/12 21:05:14.288] -    >  eth_getBalance: [
   >   "0xc89b3ebee8d5e933b1ef3f941c0f5a35a9d3cd5d",
   >   "latest"
   > ]
[2023/05/12 21:05:14.292] -    >  eth_getTransactionCount: [
   >   "0xc89b3ebee8d5e933b1ef3f941c0f5a35a9d3cd5d",
   >   "latest"
   > ]
[2023/05/12 21:05:14.299] -    >  eth_getBalance: [
   >   "0x21e04170695d70503447be0d88858926d00df31d",
   >   "latest"
   > ]
[2023/05/12 21:05:14.304] -    >  eth_getTransactionCount: [
   >   "0x21e04170695d70503447be0d88858926d00df31d",
   >   "latest"
   > ]
[2023/05/12 21:05:14.308] -    >  eth_getBalance: [
   >   "0xc0239d1804e2cac628a523dc8a169b97d01d175a",
   >   "latest"
   > ]
[2023/05/12 21:05:14.313] -    >  eth_getTransactionCount: [
   >   "0xc0239d1804e2cac628a523dc8a169b97d01d175a",
   >   "latest"
   > ]
[2023/05/12 21:05:14.319] -    >  eth_getBalance: [
   >   "0xb36914876092ac663a7b4189ccbe3b07abb49111",
   >   "latest"
   > ]
[2023/05/12 21:05:14.324] -    >  eth_getTransactionCount: [
   >   "0xb36914876092ac663a7b4189ccbe3b07abb49111",
   >   "latest"
   > ]
[2023/05/12 21:45:56.161] -    >  eth_unsubscribe: [
   >   "0x3"
   > ]
[2023/05/12 21:45:56.163] -    >  eth_unsubscribe: [
   >   "0x4"
   > ]
